<?xml version="1.0" encoding="UTF-8"?>
<coverage generated="1762782422778" clover="3.2.0">
  <project timestamp="1762782422778" name="All files">
    <metrics statements="307" coveredstatements="284" conditionals="148" coveredconditionals="116" methods="74" coveredmethods="73" elements="529" coveredelements="473" complexity="0" loc="307" ncloc="307" packages="2" files="3" classes="3"/>
    <package name="backend">
      <metrics statements="121" coveredstatements="119" conditionals="58" coveredconditionals="49" methods="44" coveredmethods="43"/>
      <file name="index.js" path="/home/runner/work/global-transparency-dashboard/global-transparency-dashboard/backend/index.js">
        <metrics statements="118" coveredstatements="116" conditionals="58" coveredconditionals="49" methods="44" coveredmethods="43"/>
        <line num="1" count="8" type="stmt"/>
        <line num="2" count="8" type="stmt"/>
        <line num="3" count="8" type="stmt"/>
        <line num="4" count="8" type="cond" truecount="2" falsecount="0"/>
        <line num="6" count="8" type="stmt"/>
        <line num="7" count="8" type="stmt"/>
        <line num="8" count="8" type="stmt"/>
        <line num="11" count="8" type="stmt"/>
        <line num="12" count="8" type="stmt"/>
        <line num="23" count="8" type="stmt"/>
        <line num="24" count="2" type="stmt"/>
        <line num="60" count="8" type="stmt"/>
        <line num="61" count="7" type="stmt"/>
        <line num="62" count="7" type="cond" truecount="1" falsecount="1"/>
        <line num="64" count="7" type="stmt"/>
        <line num="66" count="7" type="cond" truecount="2" falsecount="0"/>
        <line num="67" count="21" type="stmt"/>
        <line num="70" count="7" type="cond" truecount="2" falsecount="0"/>
        <line num="71" count="7" type="stmt"/>
        <line num="74" count="7" type="cond" truecount="2" falsecount="0"/>
        <line num="75" count="13" type="stmt"/>
        <line num="78" count="7" type="cond" truecount="2" falsecount="0"/>
        <line num="79" count="8" type="stmt"/>
        <line num="82" count="7" type="stmt"/>
        <line num="104" count="8" type="stmt"/>
        <line num="105" count="2" type="stmt"/>
        <line num="106" count="2" type="cond" truecount="1" falsecount="1"/>
        <line num="107" count="8" type="stmt"/>
        <line num="109" count="2" type="cond" truecount="2" falsecount="0"/>
        <line num="110" count="1" type="stmt"/>
        <line num="113" count="1" type="stmt"/>
        <line num="133" count="8" type="stmt"/>
        <line num="134" count="2" type="stmt"/>
        <line num="135" count="2" type="cond" truecount="1" falsecount="1"/>
        <line num="137" count="2" type="stmt"/>
        <line num="139" count="2" type="cond" truecount="2" falsecount="0"/>
        <line num="140" count="10" type="stmt"/>
        <line num="143" count="2" type="stmt"/>
        <line num="165" count="8" type="stmt"/>
        <line num="166" count="3" type="stmt"/>
        <line num="167" count="3" type="cond" truecount="1" falsecount="1"/>
        <line num="168" count="12" type="stmt"/>
        <line num="170" count="3" type="cond" truecount="2" falsecount="0"/>
        <line num="171" count="1" type="stmt"/>
        <line num="174" count="2" type="stmt"/>
        <line num="187" count="8" type="stmt"/>
        <line num="188" count="6" type="stmt"/>
        <line num="189" count="6" type="stmt"/>
        <line num="190" count="6" type="cond" truecount="1" falsecount="1"/>
        <line num="191" count="6" type="cond" truecount="1" falsecount="1"/>
        <line num="193" count="6" type="stmt"/>
        <line num="195" count="42" type="stmt"/>
        <line num="196" count="42" type="stmt"/>
        <line num="197" count="42" type="stmt"/>
        <line num="198" count="42" type="stmt"/>
        <line num="199" count="42" type="stmt"/>
        <line num="200" count="42" type="stmt"/>
        <line num="202" count="60" type="stmt"/>
        <line num="204" count="60" type="stmt"/>
        <line num="205" count="60" type="stmt"/>
        <line num="206" count="60" type="stmt"/>
        <line num="207" count="60" type="stmt"/>
        <line num="211" count="6" type="stmt"/>
        <line num="214" count="8" type="stmt"/>
        <line num="249" count="8" type="stmt"/>
        <line num="250" count="6" type="stmt"/>
        <line num="251" count="6" type="stmt"/>
        <line num="253" count="6" type="stmt"/>
        <line num="256" count="6" type="cond" truecount="4" falsecount="0"/>
        <line num="257" count="1" type="stmt"/>
        <line num="258" count="10" type="stmt"/>
        <line num="259" count="10" type="cond" truecount="3" falsecount="1"/>
        <line num="260" count="10" type="cond" truecount="3" falsecount="1"/>
        <line num="261" count="10" type="stmt"/>
        <line num="266" count="6" type="cond" truecount="2" falsecount="0"/>
        <line num="267" count="3" type="stmt"/>
        <line num="268" count="30" type="stmt"/>
        <line num="273" count="6" type="cond" truecount="2" falsecount="0"/>
        <line num="274" count="10" type="stmt"/>
        <line num="277" count="6" type="stmt"/>
        <line num="289" count="8" type="stmt"/>
        <line num="290" count="1" type="stmt"/>
        <line num="291" count="1" type="stmt"/>
        <line num="321" count="8" type="stmt"/>
        <line num="322" count="7" type="stmt"/>
        <line num="323" count="7" type="stmt"/>
        <line num="326" count="7" type="stmt"/>
        <line num="327" count="56" type="stmt"/>
        <line num="331" count="35" type="stmt"/>
        <line num="334" count="7" type="stmt"/>
        <line num="337" count="7" type="cond" truecount="2" falsecount="0"/>
        <line num="338" count="24" type="stmt"/>
        <line num="341" count="7" type="cond" truecount="2" falsecount="0"/>
        <line num="342" count="20" type="stmt"/>
        <line num="345" count="7" type="cond" truecount="2" falsecount="0"/>
        <line num="346" count="9" type="stmt"/>
        <line num="350" count="48" type="stmt"/>
        <line num="352" count="7" type="stmt"/>
        <line num="381" count="8" type="stmt"/>
        <line num="382" count="9" type="stmt"/>
        <line num="383" count="9" type="stmt"/>
        <line num="386" count="9" type="stmt"/>
        <line num="387" count="63" type="stmt"/>
        <line num="391" count="27" type="stmt"/>
        <line num="394" count="9" type="stmt"/>
        <line num="397" count="9" type="cond" truecount="2" falsecount="0"/>
        <line num="398" count="21" type="stmt"/>
        <line num="401" count="9" type="cond" truecount="2" falsecount="0"/>
        <line num="402" count="31" type="stmt"/>
        <line num="405" count="9" type="cond" truecount="2" falsecount="0"/>
        <line num="406" count="12" type="stmt"/>
        <line num="410" count="81" type="stmt"/>
        <line num="412" count="9" type="stmt"/>
        <line num="415" count="8" type="stmt"/>
        <line num="417" count="8" type="cond" truecount="1" falsecount="1"/>
        <line num="418" count="0" type="stmt"/>
        <line num="419" count="0" type="stmt"/>
        <line num="423" count="8" type="stmt"/>
      </file>
      <file name="swagger.js" path="/home/runner/work/global-transparency-dashboard/global-transparency-dashboard/backend/swagger.js">
        <metrics statements="3" coveredstatements="3" conditionals="0" coveredconditionals="0" methods="0" coveredmethods="0"/>
        <line num="1" count="8" type="stmt"/>
        <line num="3" count="8" type="stmt"/>
        <line num="14" count="8" type="stmt"/>
      </file>
    </package>
    <package name="backend.routes">
      <metrics statements="186" coveredstatements="165" conditionals="90" coveredconditionals="67" methods="30" coveredmethods="30"/>
      <file name="countries.js" path="/home/runner/work/global-transparency-dashboard/global-transparency-dashboard/backend/routes/countries.js">
        <metrics statements="186" coveredstatements="165" conditionals="90" coveredconditionals="67" methods="30" coveredmethods="30"/>
        <line num="1" count="8" type="stmt"/>
        <line num="2" count="8" type="stmt"/>
        <line num="3" count="8" type="stmt"/>
        <line num="4" count="8" type="stmt"/>
        <line num="5" count="8" type="stmt"/>
        <line num="6" count="8" type="stmt"/>
        <line num="7" count="8" type="stmt"/>
        <line num="8" count="8" type="stmt"/>
        <line num="9" count="8" type="stmt"/>
        <line num="10" count="8" type="stmt"/>
        <line num="11" count="8" type="stmt"/>
        <line num="15" count="74" type="stmt"/>
        <line num="20" count="10" type="cond" truecount="4" falsecount="0"/>
        <line num="21" count="5" type="stmt"/>
        <line num="22" count="25" type="stmt"/>
        <line num="23" count="25" type="cond" truecount="4" falsecount="0"/>
        <line num="24" count="11" type="cond" truecount="4" falsecount="0"/>
        <line num="25" count="9" type="stmt"/>
        <line num="38" count="8" type="stmt"/>
        <line num="39" count="9" type="stmt"/>
        <line num="40" count="1" type="stmt"/>
        <line num="61" count="8" type="stmt"/>
        <line num="62" count="3" type="stmt"/>
        <line num="63" count="3" type="stmt"/>
        <line num="64" count="3" type="cond" truecount="2" falsecount="0"/>
        <line num="65" count="1" type="stmt"/>
        <line num="67" count="2" type="stmt"/>
        <line num="88" count="8" type="stmt"/>
        <line num="89" count="2" type="stmt"/>
        <line num="90" count="2" type="stmt"/>
        <line num="91" count="2" type="cond" truecount="2" falsecount="0"/>
        <line num="92" count="1" type="stmt"/>
        <line num="96" count="1" type="stmt"/>
        <line num="97" count="1" type="cond" truecount="3" falsecount="1"/>
        <line num="98" count="0" type="stmt"/>
        <line num="102" count="1" type="stmt"/>
        <line num="103" count="1" type="stmt"/>
        <line num="134" count="8" type="stmt"/>
        <line num="135" count="5" type="stmt"/>
        <line num="136" count="5" type="stmt"/>
        <line num="137" count="5" type="cond" truecount="1" falsecount="1"/>
        <line num="138" count="0" type="stmt"/>
        <line num="141" count="5" type="stmt"/>
        <line num="142" count="5" type="cond" truecount="1" falsecount="1"/>
        <line num="143" count="0" type="stmt"/>
        <line num="146" count="5" type="stmt"/>
        <line num="147" count="5" type="stmt"/>
        <line num="148" count="5" type="stmt"/>
        <line num="174" count="8" type="stmt"/>
        <line num="175" count="2" type="stmt"/>
        <line num="176" count="2" type="stmt"/>
        <line num="177" count="2" type="cond" truecount="1" falsecount="1"/>
        <line num="178" count="0" type="stmt"/>
        <line num="181" count="2" type="stmt"/>
        <line num="182" count="2" type="cond" truecount="1" falsecount="1"/>
        <line num="183" count="0" type="stmt"/>
        <line num="186" count="2" type="stmt"/>
        <line num="189" count="2" type="cond" truecount="2" falsecount="0"/>
        <line num="190" count="1" type="stmt"/>
        <line num="191" count="1" type="cond" truecount="1" falsecount="1"/>
        <line num="192" count="0" type="stmt"/>
        <line num="196" count="1" type="stmt"/>
        <line num="197" count="1" type="stmt"/>
        <line num="200" count="2" type="stmt"/>
        <line num="231" count="8" type="stmt"/>
        <line num="232" count="1" type="stmt"/>
        <line num="233" count="1" type="stmt"/>
        <line num="234" count="1" type="cond" truecount="1" falsecount="1"/>
        <line num="235" count="0" type="stmt"/>
        <line num="238" count="1" type="stmt"/>
        <line num="239" count="1" type="cond" truecount="1" falsecount="1"/>
        <line num="240" count="0" type="stmt"/>
        <line num="243" count="1" type="stmt"/>
        <line num="246" count="1" type="stmt"/>
        <line num="247" count="1" type="stmt"/>
        <line num="248" count="1" type="stmt"/>
        <line num="250" count="1" type="stmt"/>
        <line num="271" count="8" type="stmt"/>
        <line num="272" count="1" type="stmt"/>
        <line num="273" count="1" type="stmt"/>
        <line num="274" count="1" type="cond" truecount="1" falsecount="1"/>
        <line num="275" count="0" type="stmt"/>
        <line num="278" count="1" type="stmt"/>
        <line num="279" count="1" type="cond" truecount="3" falsecount="1"/>
        <line num="280" count="0" type="stmt"/>
        <line num="284" count="1" type="stmt"/>
        <line num="285" count="1" type="stmt"/>
        <line num="316" count="8" type="stmt"/>
        <line num="317" count="2" type="stmt"/>
        <line num="318" count="2" type="stmt"/>
        <line num="319" count="2" type="cond" truecount="1" falsecount="1"/>
        <line num="320" count="0" type="stmt"/>
        <line num="323" count="2" type="stmt"/>
        <line num="324" count="2" type="cond" truecount="1" falsecount="1"/>
        <line num="325" count="0" type="stmt"/>
        <line num="328" count="2" type="stmt"/>
        <line num="329" count="2" type="stmt"/>
        <line num="330" count="2" type="stmt"/>
        <line num="351" count="8" type="stmt"/>
        <line num="352" count="1" type="stmt"/>
        <line num="353" count="1" type="stmt"/>
        <line num="354" count="1" type="cond" truecount="1" falsecount="1"/>
        <line num="355" count="0" type="stmt"/>
        <line num="358" count="1" type="stmt"/>
        <line num="359" count="1" type="cond" truecount="3" falsecount="1"/>
        <line num="360" count="0" type="stmt"/>
        <line num="364" count="1" type="stmt"/>
        <line num="365" count="1" type="stmt"/>
        <line num="396" count="8" type="stmt"/>
        <line num="397" count="1" type="stmt"/>
        <line num="398" count="1" type="stmt"/>
        <line num="399" count="1" type="cond" truecount="1" falsecount="1"/>
        <line num="400" count="0" type="stmt"/>
        <line num="403" count="1" type="stmt"/>
        <line num="404" count="1" type="cond" truecount="1" falsecount="1"/>
        <line num="405" count="0" type="stmt"/>
        <line num="408" count="1" type="stmt"/>
        <line num="409" count="1" type="stmt"/>
        <line num="410" count="1" type="stmt"/>
        <line num="431" count="8" type="stmt"/>
        <line num="432" count="1" type="stmt"/>
        <line num="433" count="1" type="stmt"/>
        <line num="434" count="1" type="cond" truecount="1" falsecount="1"/>
        <line num="435" count="0" type="stmt"/>
        <line num="438" count="1" type="stmt"/>
        <line num="439" count="1" type="cond" truecount="3" falsecount="1"/>
        <line num="440" count="0" type="stmt"/>
        <line num="444" count="1" type="stmt"/>
        <line num="445" count="1" type="stmt"/>
        <line num="476" count="8" type="stmt"/>
        <line num="477" count="1" type="stmt"/>
        <line num="478" count="1" type="stmt"/>
        <line num="479" count="1" type="cond" truecount="1" falsecount="1"/>
        <line num="480" count="0" type="stmt"/>
        <line num="483" count="1" type="stmt"/>
        <line num="484" count="1" type="cond" truecount="1" falsecount="1"/>
        <line num="485" count="0" type="stmt"/>
        <line num="488" count="1" type="stmt"/>
        <line num="489" count="1" type="stmt"/>
        <line num="490" count="1" type="stmt"/>
        <line num="511" count="8" type="stmt"/>
        <line num="512" count="2" type="stmt"/>
        <line num="513" count="2" type="stmt"/>
        <line num="514" count="2" type="cond" truecount="2" falsecount="0"/>
        <line num="515" count="1" type="stmt"/>
        <line num="518" count="1" type="stmt"/>
        <line num="519" count="10" type="stmt"/>
        <line num="522" count="1" type="stmt"/>
        <line num="543" count="8" type="stmt"/>
        <line num="544" count="1" type="stmt"/>
        <line num="545" count="1" type="stmt"/>
        <line num="546" count="1" type="cond" truecount="1" falsecount="1"/>
        <line num="547" count="0" type="stmt"/>
        <line num="550" count="1" type="stmt"/>
        <line num="551" count="1" type="stmt"/>
        <line num="552" count="10" type="cond" truecount="2" falsecount="0"/>
        <line num="553" count="4" type="stmt"/>
        <line num="557" count="1" type="stmt"/>
        <line num="590" count="8" type="stmt"/>
        <line num="591" count="5" type="stmt"/>
        <line num="592" count="5" type="stmt"/>
        <line num="593" count="5" type="cond" truecount="2" falsecount="0"/>
        <line num="594" count="1" type="stmt"/>
        <line num="597" count="4" type="cond" truecount="1" falsecount="1"/>
        <line num="599" count="4" type="stmt"/>
        <line num="602" count="4" type="cond" truecount="2" falsecount="0"/>
        <line num="603" count="6" type="stmt"/>
        <line num="607" count="4" type="cond" truecount="2" falsecount="0"/>
        <line num="608" count="3" type="stmt"/>
        <line num="611" count="4" type="stmt"/>
        <line num="648" count="8" type="stmt"/>
        <line num="649" count="6" type="stmt"/>
        <line num="650" count="6" type="stmt"/>
        <line num="651" count="6" type="cond" truecount="2" falsecount="0"/>
        <line num="652" count="1" type="stmt"/>
        <line num="655" count="5" type="cond" truecount="1" falsecount="1"/>
        <line num="657" count="5" type="stmt"/>
        <line num="660" count="5" type="cond" truecount="2" falsecount="0"/>
        <line num="661" count="8" type="stmt"/>
        <line num="665" count="5" type="cond" truecount="2" falsecount="0"/>
        <line num="666" count="4" type="stmt"/>
        <line num="670" count="5" type="cond" truecount="2" falsecount="0"/>
        <line num="671" count="1" type="stmt"/>
        <line num="672" count="4" type="stmt"/>
        <line num="676" count="5" type="stmt"/>
        <line num="679" count="8" type="stmt"/>
      </file>
    </package>
  </project>
</coverage>
