{"/home/runner/work/global-transparency-dashboard/global-transparency-dashboard/backend/index.js": {"path":"/home/runner/work/global-transparency-dashboard/global-transparency-dashboard/backend/index.js","statementMap":{"0":{"start":{"line":1,"column":16},"end":{"line":1,"column":34}},"1":{"start":{"line":2,"column":13},"end":{"line":2,"column":28}},"2":{"start":{"line":3,"column":12},"end":{"line":3,"column":21}},"3":{"start":{"line":4,"column":13},"end":{"line":4,"column":37}},"4":{"start":{"line":6,"column":24},"end":{"line":6,"column":53}},"5":{"start":{"line":7,"column":18},"end":{"line":7,"column":47}},"6":{"start":{"line":8,"column":20},"end":{"line":8,"column":40}},"7":{"start":{"line":11,"column":0},"end":{"line":11,"column":16}},"8":{"start":{"line":12,"column":0},"end":{"line":12,"column":24}},"9":{"start":{"line":23,"column":0},"end":{"line":25,"column":3}},"10":{"start":{"line":24,"column":2},"end":{"line":24,"column":29}},"11":{"start":{"line":60,"column":0},"end":{"line":83,"column":3}},"12":{"start":{"line":61,"column":24},"end":{"line":61,"column":60}},"13":{"start":{"line":62,"column":17},"end":{"line":62,"column":39}},"14":{"start":{"line":64,"column":49},"end":{"line":64,"column":58}},"15":{"start":{"line":66,"column":2},"end":{"line":68,"column":3}},"16":{"start":{"line":67,"column":4},"end":{"line":67,"column":57}},"17":{"start":{"line":67,"column":36},"end":{"line":67,"column":55}},"18":{"start":{"line":70,"column":2},"end":{"line":72,"column":3}},"19":{"start":{"line":71,"column":4},"end":{"line":71,"column":95}},"20":{"start":{"line":71,"column":36},"end":{"line":71,"column":93}},"21":{"start":{"line":74,"column":2},"end":{"line":76,"column":3}},"22":{"start":{"line":75,"column":4},"end":{"line":75,"column":91}},"23":{"start":{"line":75,"column":36},"end":{"line":75,"column":89}},"24":{"start":{"line":78,"column":2},"end":{"line":80,"column":3}},"25":{"start":{"line":79,"column":4},"end":{"line":79,"column":61}},"26":{"start":{"line":79,"column":36},"end":{"line":79,"column":59}},"27":{"start":{"line":82,"column":2},"end":{"line":82,"column":21}},"28":{"start":{"line":104,"column":0},"end":{"line":114,"column":3}},"29":{"start":{"line":105,"column":24},"end":{"line":105,"column":60}},"30":{"start":{"line":106,"column":19},"end":{"line":106,"column":41}},"31":{"start":{"line":107,"column":18},"end":{"line":107,"column":60}},"32":{"start":{"line":107,"column":37},"end":{"line":107,"column":59}},"33":{"start":{"line":109,"column":2},"end":{"line":111,"column":3}},"34":{"start":{"line":110,"column":4},"end":{"line":110,"column":64}},"35":{"start":{"line":113,"column":2},"end":{"line":113,"column":20}},"36":{"start":{"line":133,"column":0},"end":{"line":144,"column":3}},"37":{"start":{"line":134,"column":19},"end":{"line":134,"column":51}},"38":{"start":{"line":135,"column":13},"end":{"line":135,"column":32}},"39":{"start":{"line":137,"column":23},"end":{"line":137,"column":32}},"40":{"start":{"line":139,"column":2},"end":{"line":141,"column":3}},"41":{"start":{"line":140,"column":4},"end":{"line":140,"column":53}},"42":{"start":{"line":140,"column":28},"end":{"line":140,"column":51}},"43":{"start":{"line":143,"column":2},"end":{"line":143,"column":17}},"44":{"start":{"line":165,"column":0},"end":{"line":175,"column":3}},"45":{"start":{"line":166,"column":19},"end":{"line":166,"column":51}},"46":{"start":{"line":167,"column":15},"end":{"line":167,"column":34}},"47":{"start":{"line":168,"column":14},"end":{"line":168,"column":74}},"48":{"start":{"line":168,"column":29},"end":{"line":168,"column":73}},"49":{"start":{"line":170,"column":2},"end":{"line":172,"column":3}},"50":{"start":{"line":171,"column":4},"end":{"line":171,"column":60}},"51":{"start":{"line":174,"column":2},"end":{"line":174,"column":16}},"52":{"start":{"line":187,"column":0},"end":{"line":212,"column":3}},"53":{"start":{"line":188,"column":24},"end":{"line":188,"column":60}},"54":{"start":{"line":189,"column":19},"end":{"line":189,"column":51}},"55":{"start":{"line":190,"column":19},"end":{"line":190,"column":41}},"56":{"start":{"line":191,"column":15},"end":{"line":191,"column":34}},"57":{"start":{"line":193,"column":18},"end":{"line":209,"column":3}},"58":{"start":{"line":195,"column":43},"end":{"line":195,"column":65}},"59":{"start":{"line":196,"column":45},"end":{"line":196,"column":69}},"60":{"start":{"line":197,"column":43},"end":{"line":197,"column":65}},"61":{"start":{"line":198,"column":56},"end":{"line":198,"column":80}},"62":{"start":{"line":199,"column":52},"end":{"line":199,"column":72}},"63":{"start":{"line":200,"column":59},"end":{"line":200,"column":88}},"64":{"start":{"line":202,"column":36},"end":{"line":202,"column":71}},"65":{"start":{"line":204,"column":33},"end":{"line":204,"column":58}},"66":{"start":{"line":205,"column":31},"end":{"line":205,"column":54}},"67":{"start":{"line":206,"column":38},"end":{"line":206,"column":68}},"68":{"start":{"line":207,"column":35},"end":{"line":207,"column":62}},"69":{"start":{"line":211,"column":2},"end":{"line":211,"column":20}},"70":{"start":{"line":214,"column":0},"end":{"line":214,"column":46}},"71":{"start":{"line":249,"column":0},"end":{"line":278,"column":3}},"72":{"start":{"line":250,"column":30},"end":{"line":250,"column":72}},"73":{"start":{"line":251,"column":17},"end":{"line":251,"column":45}},"74":{"start":{"line":253,"column":48},"end":{"line":253,"column":57}},"75":{"start":{"line":256,"column":2},"end":{"line":263,"column":3}},"76":{"start":{"line":257,"column":4},"end":{"line":262,"column":7}},"77":{"start":{"line":258,"column":26},"end":{"line":258,"column":48}},"78":{"start":{"line":259,"column":6},"end":{"line":259,"column":73}},"79":{"start":{"line":259,"column":60},"end":{"line":259,"column":73}},"80":{"start":{"line":260,"column":6},"end":{"line":260,"column":69}},"81":{"start":{"line":260,"column":56},"end":{"line":260,"column":69}},"82":{"start":{"line":261,"column":6},"end":{"line":261,"column":18}},"83":{"start":{"line":266,"column":2},"end":{"line":270,"column":3}},"84":{"start":{"line":267,"column":4},"end":{"line":269,"column":6}},"85":{"start":{"line":268,"column":6},"end":{"line":268,"column":63}},"86":{"start":{"line":273,"column":2},"end":{"line":275,"column":3}},"87":{"start":{"line":274,"column":4},"end":{"line":274,"column":65}},"88":{"start":{"line":274,"column":42},"end":{"line":274,"column":63}},"89":{"start":{"line":277,"column":2},"end":{"line":277,"column":21}},"90":{"start":{"line":289,"column":0},"end":{"line":292,"column":3}},"91":{"start":{"line":290,"column":30},"end":{"line":290,"column":72}},"92":{"start":{"line":291,"column":2},"end":{"line":291,"column":46}},"93":{"start":{"line":321,"column":0},"end":{"line":353,"column":3}},"94":{"start":{"line":322,"column":26},"end":{"line":322,"column":64}},"95":{"start":{"line":323,"column":17},"end":{"line":323,"column":19}},"96":{"start":{"line":326,"column":2},"end":{"line":332,"column":5}},"97":{"start":{"line":327,"column":18},"end":{"line":330,"column":7}},"98":{"start":{"line":327,"column":64},"end":{"line":330,"column":5}},"99":{"start":{"line":331,"column":4},"end":{"line":331,"column":38}},"100":{"start":{"line":334,"column":40},"end":{"line":334,"column":49}},"101":{"start":{"line":337,"column":2},"end":{"line":339,"column":3}},"102":{"start":{"line":338,"column":4},"end":{"line":338,"column":71}},"103":{"start":{"line":338,"column":43},"end":{"line":338,"column":69}},"104":{"start":{"line":341,"column":2},"end":{"line":343,"column":3}},"105":{"start":{"line":342,"column":4},"end":{"line":342,"column":75}},"106":{"start":{"line":342,"column":43},"end":{"line":342,"column":73}},"107":{"start":{"line":345,"column":2},"end":{"line":347,"column":3}},"108":{"start":{"line":346,"column":4},"end":{"line":346,"column":92}},"109":{"start":{"line":346,"column":43},"end":{"line":346,"column":90}},"110":{"start":{"line":350,"column":2},"end":{"line":350,"column":81}},"111":{"start":{"line":350,"column":26},"end":{"line":350,"column":79}},"112":{"start":{"line":352,"column":2},"end":{"line":352,"column":21}},"113":{"start":{"line":381,"column":0},"end":{"line":413,"column":3}},"114":{"start":{"line":382,"column":30},"end":{"line":382,"column":72}},"115":{"start":{"line":383,"column":21},"end":{"line":383,"column":23}},"116":{"start":{"line":386,"column":2},"end":{"line":392,"column":5}},"117":{"start":{"line":387,"column":22},"end":{"line":390,"column":7}},"118":{"start":{"line":387,"column":72},"end":{"line":390,"column":5}},"119":{"start":{"line":391,"column":4},"end":{"line":391,"column":50}},"120":{"start":{"line":394,"column":42},"end":{"line":394,"column":51}},"121":{"start":{"line":397,"column":2},"end":{"line":399,"column":3}},"122":{"start":{"line":398,"column":4},"end":{"line":398,"column":79}},"123":{"start":{"line":398,"column":51},"end":{"line":398,"column":77}},"124":{"start":{"line":401,"column":2},"end":{"line":403,"column":3}},"125":{"start":{"line":402,"column":4},"end":{"line":402,"column":94}},"126":{"start":{"line":402,"column":51},"end":{"line":402,"column":92}},"127":{"start":{"line":405,"column":2},"end":{"line":407,"column":3}},"128":{"start":{"line":406,"column":4},"end":{"line":406,"column":100}},"129":{"start":{"line":406,"column":51},"end":{"line":406,"column":98}},"130":{"start":{"line":410,"column":2},"end":{"line":410,"column":51}},"131":{"start":{"line":410,"column":30},"end":{"line":410,"column":49}},"132":{"start":{"line":412,"column":2},"end":{"line":412,"column":25}},"133":{"start":{"line":415,"column":0},"end":{"line":415,"column":64}},"134":{"start":{"line":417,"column":0},"end":{"line":421,"column":1}},"135":{"start":{"line":418,"column":2},"end":{"line":420,"column":5}},"136":{"start":{"line":419,"column":4},"end":{"line":419,"column":52}},"137":{"start":{"line":423,"column":0},"end":{"line":423,"column":21}}},"fnMap":{"0":{"name":"(anonymous_0)","decl":{"start":{"line":23,"column":26},"end":{"line":23,"column":27}},"loc":{"start":{"line":23,"column":40},"end":{"line":25,"column":1}},"line":23},"1":{"name":"(anonymous_1)","decl":{"start":{"line":60,"column":34},"end":{"line":60,"column":35}},"loc":{"start":{"line":60,"column":48},"end":{"line":83,"column":1}},"line":60},"2":{"name":"(anonymous_2)","decl":{"start":{"line":67,"column":31},"end":{"line":67,"column":32}},"loc":{"start":{"line":67,"column":36},"end":{"line":67,"column":55}},"line":67},"3":{"name":"(anonymous_3)","decl":{"start":{"line":71,"column":31},"end":{"line":71,"column":32}},"loc":{"start":{"line":71,"column":36},"end":{"line":71,"column":93}},"line":71},"4":{"name":"(anonymous_4)","decl":{"start":{"line":75,"column":31},"end":{"line":75,"column":32}},"loc":{"start":{"line":75,"column":36},"end":{"line":75,"column":89}},"line":75},"5":{"name":"(anonymous_5)","decl":{"start":{"line":79,"column":31},"end":{"line":79,"column":32}},"loc":{"start":{"line":79,"column":36},"end":{"line":79,"column":59}},"line":79},"6":{"name":"(anonymous_6)","decl":{"start":{"line":104,"column":38},"end":{"line":104,"column":39}},"loc":{"start":{"line":104,"column":52},"end":{"line":114,"column":1}},"line":104},"7":{"name":"(anonymous_7)","decl":{"start":{"line":107,"column":32},"end":{"line":107,"column":33}},"loc":{"start":{"line":107,"column":37},"end":{"line":107,"column":59}},"line":107},"8":{"name":"(anonymous_8)","decl":{"start":{"line":133,"column":30},"end":{"line":133,"column":31}},"loc":{"start":{"line":133,"column":44},"end":{"line":144,"column":1}},"line":133},"9":{"name":"(anonymous_9)","decl":{"start":{"line":140,"column":23},"end":{"line":140,"column":24}},"loc":{"start":{"line":140,"column":28},"end":{"line":140,"column":51}},"line":140},"10":{"name":"(anonymous_10)","decl":{"start":{"line":165,"column":36},"end":{"line":165,"column":37}},"loc":{"start":{"line":165,"column":50},"end":{"line":175,"column":1}},"line":165},"11":{"name":"(anonymous_11)","decl":{"start":{"line":168,"column":24},"end":{"line":168,"column":25}},"loc":{"start":{"line":168,"column":29},"end":{"line":168,"column":73}},"line":168},"12":{"name":"(anonymous_12)","decl":{"start":{"line":187,"column":35},"end":{"line":187,"column":36}},"loc":{"start":{"line":187,"column":49},"end":{"line":212,"column":1}},"line":187},"13":{"name":"(anonymous_13)","decl":{"start":{"line":195,"column":38},"end":{"line":195,"column":39}},"loc":{"start":{"line":195,"column":43},"end":{"line":195,"column":65}},"line":195},"14":{"name":"(anonymous_14)","decl":{"start":{"line":196,"column":40},"end":{"line":196,"column":41}},"loc":{"start":{"line":196,"column":45},"end":{"line":196,"column":69}},"line":196},"15":{"name":"(anonymous_15)","decl":{"start":{"line":197,"column":38},"end":{"line":197,"column":39}},"loc":{"start":{"line":197,"column":43},"end":{"line":197,"column":65}},"line":197},"16":{"name":"(anonymous_16)","decl":{"start":{"line":198,"column":44},"end":{"line":198,"column":45}},"loc":{"start":{"line":198,"column":56},"end":{"line":198,"column":80}},"line":198},"17":{"name":"(anonymous_17)","decl":{"start":{"line":199,"column":40},"end":{"line":199,"column":41}},"loc":{"start":{"line":199,"column":52},"end":{"line":199,"column":72}},"line":199},"18":{"name":"(anonymous_18)","decl":{"start":{"line":200,"column":47},"end":{"line":200,"column":48}},"loc":{"start":{"line":200,"column":59},"end":{"line":200,"column":88}},"line":200},"19":{"name":"(anonymous_19)","decl":{"start":{"line":202,"column":31},"end":{"line":202,"column":32}},"loc":{"start":{"line":202,"column":36},"end":{"line":202,"column":71}},"line":202},"20":{"name":"(anonymous_20)","decl":{"start":{"line":204,"column":28},"end":{"line":204,"column":29}},"loc":{"start":{"line":204,"column":33},"end":{"line":204,"column":58}},"line":204},"21":{"name":"(anonymous_21)","decl":{"start":{"line":205,"column":26},"end":{"line":205,"column":27}},"loc":{"start":{"line":205,"column":31},"end":{"line":205,"column":54}},"line":205},"22":{"name":"(anonymous_22)","decl":{"start":{"line":206,"column":33},"end":{"line":206,"column":34}},"loc":{"start":{"line":206,"column":38},"end":{"line":206,"column":68}},"line":206},"23":{"name":"(anonymous_23)","decl":{"start":{"line":207,"column":30},"end":{"line":207,"column":31}},"loc":{"start":{"line":207,"column":35},"end":{"line":207,"column":62}},"line":207},"24":{"name":"(anonymous_24)","decl":{"start":{"line":249,"column":28},"end":{"line":249,"column":29}},"loc":{"start":{"line":249,"column":42},"end":{"line":278,"column":1}},"line":249},"25":{"name":"(anonymous_25)","decl":{"start":{"line":257,"column":31},"end":{"line":257,"column":32}},"loc":{"start":{"line":257,"column":42},"end":{"line":262,"column":5}},"line":257},"26":{"name":"(anonymous_26)","decl":{"start":{"line":267,"column":31},"end":{"line":267,"column":32}},"loc":{"start":{"line":268,"column":6},"end":{"line":268,"column":63}},"line":268},"27":{"name":"(anonymous_27)","decl":{"start":{"line":274,"column":31},"end":{"line":274,"column":32}},"loc":{"start":{"line":274,"column":42},"end":{"line":274,"column":63}},"line":274},"28":{"name":"(anonymous_28)","decl":{"start":{"line":289,"column":33},"end":{"line":289,"column":34}},"loc":{"start":{"line":289,"column":47},"end":{"line":292,"column":1}},"line":289},"29":{"name":"(anonymous_29)","decl":{"start":{"line":321,"column":30},"end":{"line":321,"column":31}},"loc":{"start":{"line":321,"column":44},"end":{"line":353,"column":1}},"line":321},"30":{"name":"(anonymous_30)","decl":{"start":{"line":326,"column":39},"end":{"line":326,"column":40}},"loc":{"start":{"line":326,"column":54},"end":{"line":332,"column":3}},"line":326},"31":{"name":"(anonymous_31)","decl":{"start":{"line":327,"column":51},"end":{"line":327,"column":52}},"loc":{"start":{"line":327,"column":64},"end":{"line":330,"column":5}},"line":327},"32":{"name":"(anonymous_32)","decl":{"start":{"line":338,"column":31},"end":{"line":338,"column":32}},"loc":{"start":{"line":338,"column":43},"end":{"line":338,"column":69}},"line":338},"33":{"name":"(anonymous_33)","decl":{"start":{"line":342,"column":31},"end":{"line":342,"column":32}},"loc":{"start":{"line":342,"column":43},"end":{"line":342,"column":73}},"line":342},"34":{"name":"(anonymous_34)","decl":{"start":{"line":346,"column":31},"end":{"line":346,"column":32}},"loc":{"start":{"line":346,"column":43},"end":{"line":346,"column":90}},"line":346},"35":{"name":"(anonymous_35)","decl":{"start":{"line":350,"column":16},"end":{"line":350,"column":17}},"loc":{"start":{"line":350,"column":26},"end":{"line":350,"column":79}},"line":350},"36":{"name":"(anonymous_36)","decl":{"start":{"line":381,"column":29},"end":{"line":381,"column":30}},"loc":{"start":{"line":381,"column":43},"end":{"line":413,"column":1}},"line":381},"37":{"name":"(anonymous_37)","decl":{"start":{"line":386,"column":43},"end":{"line":386,"column":44}},"loc":{"start":{"line":386,"column":58},"end":{"line":392,"column":3}},"line":386},"38":{"name":"(anonymous_38)","decl":{"start":{"line":387,"column":59},"end":{"line":387,"column":60}},"loc":{"start":{"line":387,"column":72},"end":{"line":390,"column":5}},"line":387},"39":{"name":"(anonymous_39)","decl":{"start":{"line":398,"column":39},"end":{"line":398,"column":40}},"loc":{"start":{"line":398,"column":51},"end":{"line":398,"column":77}},"line":398},"40":{"name":"(anonymous_40)","decl":{"start":{"line":402,"column":39},"end":{"line":402,"column":40}},"loc":{"start":{"line":402,"column":51},"end":{"line":402,"column":92}},"line":402},"41":{"name":"(anonymous_41)","decl":{"start":{"line":406,"column":39},"end":{"line":406,"column":40}},"loc":{"start":{"line":406,"column":51},"end":{"line":406,"column":98}},"line":406},"42":{"name":"(anonymous_42)","decl":{"start":{"line":410,"column":20},"end":{"line":410,"column":21}},"loc":{"start":{"line":410,"column":30},"end":{"line":410,"column":49}},"line":410},"43":{"name":"(anonymous_43)","decl":{"start":{"line":418,"column":19},"end":{"line":418,"column":20}},"loc":{"start":{"line":418,"column":25},"end":{"line":420,"column":3}},"line":418}},"branchMap":{"0":{"loc":{"start":{"line":4,"column":13},"end":{"line":4,"column":37}},"type":"binary-expr","locations":[{"start":{"line":4,"column":13},"end":{"line":4,"column":29}},{"start":{"line":4,"column":33},"end":{"line":4,"column":37}}],"line":4},"1":{"loc":{"start":{"line":62,"column":17},"end":{"line":62,"column":39}},"type":"binary-expr","locations":[{"start":{"line":62,"column":17},"end":{"line":62,"column":33}},{"start":{"line":62,"column":37},"end":{"line":62,"column":39}}],"line":62},"2":{"loc":{"start":{"line":66,"column":2},"end":{"line":68,"column":3}},"type":"if","locations":[{"start":{"line":66,"column":2},"end":{"line":68,"column":3}},{"start":{},"end":{}}],"line":66},"3":{"loc":{"start":{"line":70,"column":2},"end":{"line":72,"column":3}},"type":"if","locations":[{"start":{"line":70,"column":2},"end":{"line":72,"column":3}},{"start":{},"end":{}}],"line":70},"4":{"loc":{"start":{"line":74,"column":2},"end":{"line":76,"column":3}},"type":"if","locations":[{"start":{"line":74,"column":2},"end":{"line":76,"column":3}},{"start":{},"end":{}}],"line":74},"5":{"loc":{"start":{"line":78,"column":2},"end":{"line":80,"column":3}},"type":"if","locations":[{"start":{"line":78,"column":2},"end":{"line":80,"column":3}},{"start":{},"end":{}}],"line":78},"6":{"loc":{"start":{"line":106,"column":19},"end":{"line":106,"column":41}},"type":"binary-expr","locations":[{"start":{"line":106,"column":19},"end":{"line":106,"column":35}},{"start":{"line":106,"column":39},"end":{"line":106,"column":41}}],"line":106},"7":{"loc":{"start":{"line":109,"column":2},"end":{"line":111,"column":3}},"type":"if","locations":[{"start":{"line":109,"column":2},"end":{"line":111,"column":3}},{"start":{},"end":{}}],"line":109},"8":{"loc":{"start":{"line":135,"column":13},"end":{"line":135,"column":32}},"type":"binary-expr","locations":[{"start":{"line":135,"column":13},"end":{"line":135,"column":26}},{"start":{"line":135,"column":30},"end":{"line":135,"column":32}}],"line":135},"9":{"loc":{"start":{"line":139,"column":2},"end":{"line":141,"column":3}},"type":"if","locations":[{"start":{"line":139,"column":2},"end":{"line":141,"column":3}},{"start":{},"end":{}}],"line":139},"10":{"loc":{"start":{"line":167,"column":15},"end":{"line":167,"column":34}},"type":"binary-expr","locations":[{"start":{"line":167,"column":15},"end":{"line":167,"column":28}},{"start":{"line":167,"column":32},"end":{"line":167,"column":34}}],"line":167},"11":{"loc":{"start":{"line":170,"column":2},"end":{"line":172,"column":3}},"type":"if","locations":[{"start":{"line":170,"column":2},"end":{"line":172,"column":3}},{"start":{},"end":{}}],"line":170},"12":{"loc":{"start":{"line":190,"column":19},"end":{"line":190,"column":41}},"type":"binary-expr","locations":[{"start":{"line":190,"column":19},"end":{"line":190,"column":35}},{"start":{"line":190,"column":39},"end":{"line":190,"column":41}}],"line":190},"13":{"loc":{"start":{"line":191,"column":15},"end":{"line":191,"column":34}},"type":"binary-expr","locations":[{"start":{"line":191,"column":15},"end":{"line":191,"column":28}},{"start":{"line":191,"column":32},"end":{"line":191,"column":34}}],"line":191},"14":{"loc":{"start":{"line":256,"column":2},"end":{"line":263,"column":3}},"type":"if","locations":[{"start":{"line":256,"column":2},"end":{"line":263,"column":3}},{"start":{},"end":{}}],"line":256},"15":{"loc":{"start":{"line":256,"column":6},"end":{"line":256,"column":28}},"type":"binary-expr","locations":[{"start":{"line":256,"column":6},"end":{"line":256,"column":16}},{"start":{"line":256,"column":20},"end":{"line":256,"column":28}}],"line":256},"16":{"loc":{"start":{"line":259,"column":6},"end":{"line":259,"column":73}},"type":"if","locations":[{"start":{"line":259,"column":6},"end":{"line":259,"column":73}},{"start":{},"end":{}}],"line":259},"17":{"loc":{"start":{"line":259,"column":10},"end":{"line":259,"column":58}},"type":"binary-expr","locations":[{"start":{"line":259,"column":10},"end":{"line":259,"column":20}},{"start":{"line":259,"column":24},"end":{"line":259,"column":58}}],"line":259},"18":{"loc":{"start":{"line":260,"column":6},"end":{"line":260,"column":69}},"type":"if","locations":[{"start":{"line":260,"column":6},"end":{"line":260,"column":69}},{"start":{},"end":{}}],"line":260},"19":{"loc":{"start":{"line":260,"column":10},"end":{"line":260,"column":54}},"type":"binary-expr","locations":[{"start":{"line":260,"column":10},"end":{"line":260,"column":18}},{"start":{"line":260,"column":22},"end":{"line":260,"column":54}}],"line":260},"20":{"loc":{"start":{"line":266,"column":2},"end":{"line":270,"column":3}},"type":"if","locations":[{"start":{"line":266,"column":2},"end":{"line":270,"column":3}},{"start":{},"end":{}}],"line":266},"21":{"loc":{"start":{"line":273,"column":2},"end":{"line":275,"column":3}},"type":"if","locations":[{"start":{"line":273,"column":2},"end":{"line":275,"column":3}},{"start":{},"end":{}}],"line":273},"22":{"loc":{"start":{"line":337,"column":2},"end":{"line":339,"column":3}},"type":"if","locations":[{"start":{"line":337,"column":2},"end":{"line":339,"column":3}},{"start":{},"end":{}}],"line":337},"23":{"loc":{"start":{"line":341,"column":2},"end":{"line":343,"column":3}},"type":"if","locations":[{"start":{"line":341,"column":2},"end":{"line":343,"column":3}},{"start":{},"end":{}}],"line":341},"24":{"loc":{"start":{"line":345,"column":2},"end":{"line":347,"column":3}},"type":"if","locations":[{"start":{"line":345,"column":2},"end":{"line":347,"column":3}},{"start":{},"end":{}}],"line":345},"25":{"loc":{"start":{"line":397,"column":2},"end":{"line":399,"column":3}},"type":"if","locations":[{"start":{"line":397,"column":2},"end":{"line":399,"column":3}},{"start":{},"end":{}}],"line":397},"26":{"loc":{"start":{"line":401,"column":2},"end":{"line":403,"column":3}},"type":"if","locations":[{"start":{"line":401,"column":2},"end":{"line":403,"column":3}},{"start":{},"end":{}}],"line":401},"27":{"loc":{"start":{"line":405,"column":2},"end":{"line":407,"column":3}},"type":"if","locations":[{"start":{"line":405,"column":2},"end":{"line":407,"column":3}},{"start":{},"end":{}}],"line":405},"28":{"loc":{"start":{"line":417,"column":0},"end":{"line":421,"column":1}},"type":"if","locations":[{"start":{"line":417,"column":0},"end":{"line":421,"column":1}},{"start":{},"end":{}}],"line":417}},"s":{"0":8,"1":8,"2":8,"3":8,"4":8,"5":8,"6":8,"7":8,"8":8,"9":8,"10":2,"11":8,"12":7,"13":7,"14":7,"15":7,"16":3,"17":21,"18":7,"19":1,"20":7,"21":7,"22":2,"23":13,"24":7,"25":2,"26":8,"27":7,"28":8,"29":2,"30":2,"31":2,"32":8,"33":2,"34":1,"35":1,"36":8,"37":2,"38":2,"39":2,"40":2,"41":1,"42":10,"43":2,"44":8,"45":3,"46":3,"47":3,"48":12,"49":3,"50":1,"51":2,"52":8,"53":6,"54":6,"55":6,"56":6,"57":6,"58":42,"59":42,"60":42,"61":42,"62":42,"63":42,"64":60,"65":60,"66":60,"67":60,"68":60,"69":6,"70":8,"71":8,"72":6,"73":6,"74":6,"75":6,"76":1,"77":10,"78":10,"79":0,"80":10,"81":0,"82":10,"83":6,"84":3,"85":30,"86":6,"87":1,"88":10,"89":6,"90":8,"91":1,"92":1,"93":8,"94":7,"95":7,"96":7,"97":35,"98":56,"99":35,"100":7,"101":7,"102":3,"103":24,"104":7,"105":3,"106":20,"107":7,"108":2,"109":9,"110":7,"111":48,"112":7,"113":8,"114":9,"115":9,"116":9,"117":27,"118":63,"119":27,"120":9,"121":9,"122":3,"123":21,"124":9,"125":5,"126":31,"127":9,"128":2,"129":12,"130":9,"131":81,"132":9,"133":8,"134":8,"135":0,"136":0,"137":8},"f":{"0":2,"1":7,"2":21,"3":7,"4":13,"5":8,"6":2,"7":8,"8":2,"9":10,"10":3,"11":12,"12":6,"13":42,"14":42,"15":42,"16":42,"17":42,"18":42,"19":60,"20":60,"21":60,"22":60,"23":60,"24":6,"25":10,"26":30,"27":10,"28":1,"29":7,"30":35,"31":56,"32":24,"33":20,"34":9,"35":48,"36":9,"37":27,"38":63,"39":21,"40":31,"41":12,"42":81,"43":0},"b":{"0":[8,8],"1":[7,0],"2":[3,4],"3":[1,6],"4":[2,5],"5":[2,5],"6":[2,0],"7":[1,1],"8":[2,0],"9":[1,1],"10":[3,0],"11":[1,2],"12":[6,0],"13":[6,0],"14":[1,5],"15":[6,5],"16":[0,10],"17":[10,10],"18":[0,10],"19":[10,10],"20":[3,3],"21":[1,5],"22":[3,4],"23":[3,4],"24":[2,5],"25":[3,6],"26":[5,4],"27":[2,7],"28":[0,8]},"_coverageSchema":"1a1c01bbd47fc00a2c39e90264f33305004495a9","hash":"daab1c832fac6eb89efd84abade622837bc808c8"}
,"/home/runner/work/global-transparency-dashboard/global-transparency-dashboard/backend/swagger.js": {"path":"/home/runner/work/global-transparency-dashboard/global-transparency-dashboard/backend/swagger.js","statementMap":{"0":{"start":{"line":1,"column":21},"end":{"line":1,"column":45}},"1":{"start":{"line":3,"column":16},"end":{"line":12,"column":1}},"2":{"start":{"line":14,"column":0},"end":{"line":14,"column":39}}},"fnMap":{},"branchMap":{},"s":{"0":8,"1":8,"2":8},"f":{},"b":{},"_coverageSchema":"1a1c01bbd47fc00a2c39e90264f33305004495a9","hash":"8c5649bc974930601b35e17ba7af5c8b33154473"}
,"/home/runner/work/global-transparency-dashboard/global-transparency-dashboard/backend/routes/countries.js": {"path":"/home/runner/work/global-transparency-dashboard/global-transparency-dashboard/backend/routes/countries.js","statementMap":{"0":{"start":{"line":1,"column":16},"end":{"line":1,"column":34}},"1":{"start":{"line":2,"column":15},"end":{"line":2,"column":31}},"2":{"start":{"line":3,"column":18},"end":{"line":3,"column":51}},"3":{"start":{"line":4,"column":22},"end":{"line":4,"column":59}},"4":{"start":{"line":5,"column":25},"end":{"line":5,"column":65}},"5":{"start":{"line":6,"column":19},"end":{"line":6,"column":53}},"6":{"start":{"line":7,"column":22},"end":{"line":7,"column":59}},"7":{"start":{"line":8,"column":25},"end":{"line":8,"column":65}},"8":{"start":{"line":9,"column":28},"end":{"line":9,"column":71}},"9":{"start":{"line":10,"column":24},"end":{"line":10,"column":63}},"10":{"start":{"line":11,"column":28},"end":{"line":11,"column":71}},"11":{"start":{"line":15,"column":2},"end":{"line":15,"column":60}},"12":{"start":{"line":15,"column":29},"end":{"line":15,"column":58}},"13":{"start":{"line":20,"column":2},"end":{"line":20,"column":42}},"14":{"start":{"line":20,"column":30},"end":{"line":20,"column":42}},"15":{"start":{"line":21,"column":2},"end":{"line":26,"column":5}},"16":{"start":{"line":22,"column":17},"end":{"line":22,"column":26}},"17":{"start":{"line":23,"column":4},"end":{"line":23,"column":62}},"18":{"start":{"line":23,"column":49},"end":{"line":23,"column":62}},"19":{"start":{"line":24,"column":4},"end":{"line":24,"column":58}},"20":{"start":{"line":24,"column":45},"end":{"line":24,"column":58}},"21":{"start":{"line":25,"column":4},"end":{"line":25,"column":16}},"22":{"start":{"line":38,"column":0},"end":{"line":41,"column":3}},"23":{"start":{"line":39,"column":18},"end":{"line":39,"column":70}},"24":{"start":{"line":39,"column":38},"end":{"line":39,"column":68}},"25":{"start":{"line":40,"column":2},"end":{"line":40,"column":20}},"26":{"start":{"line":61,"column":0},"end":{"line":68,"column":3}},"27":{"start":{"line":62,"column":15},"end":{"line":62,"column":44}},"28":{"start":{"line":63,"column":18},"end":{"line":63,"column":43}},"29":{"start":{"line":64,"column":2},"end":{"line":66,"column":3}},"30":{"start":{"line":65,"column":4},"end":{"line":65,"column":64}},"31":{"start":{"line":67,"column":2},"end":{"line":67,"column":20}},"32":{"start":{"line":88,"column":0},"end":{"line":104,"column":3}},"33":{"start":{"line":89,"column":15},"end":{"line":89,"column":44}},"34":{"start":{"line":90,"column":18},"end":{"line":90,"column":43}},"35":{"start":{"line":91,"column":2},"end":{"line":93,"column":3}},"36":{"start":{"line":92,"column":4},"end":{"line":92,"column":64}},"37":{"start":{"line":96,"column":18},"end":{"line":96,"column":37}},"38":{"start":{"line":97,"column":2},"end":{"line":99,"column":3}},"39":{"start":{"line":98,"column":4},"end":{"line":98,"column":68}},"40":{"start":{"line":102,"column":23},"end":{"line":102,"column":50}},"41":{"start":{"line":103,"column":2},"end":{"line":103,"column":25}},"42":{"start":{"line":134,"column":0},"end":{"line":149,"column":3}},"43":{"start":{"line":135,"column":15},"end":{"line":135,"column":44}},"44":{"start":{"line":136,"column":18},"end":{"line":136,"column":43}},"45":{"start":{"line":137,"column":2},"end":{"line":139,"column":3}},"46":{"start":{"line":138,"column":4},"end":{"line":138,"column":64}},"47":{"start":{"line":141,"column":18},"end":{"line":141,"column":37}},"48":{"start":{"line":142,"column":2},"end":{"line":144,"column":3}},"49":{"start":{"line":143,"column":4},"end":{"line":143,"column":71}},"50":{"start":{"line":146,"column":35},"end":{"line":146,"column":44}},"51":{"start":{"line":147,"column":26},"end":{"line":147,"column":74}},"52":{"start":{"line":148,"column":2},"end":{"line":148,"column":28}},"53":{"start":{"line":174,"column":0},"end":{"line":201,"column":3}},"54":{"start":{"line":175,"column":15},"end":{"line":175,"column":44}},"55":{"start":{"line":176,"column":18},"end":{"line":176,"column":43}},"56":{"start":{"line":177,"column":2},"end":{"line":179,"column":3}},"57":{"start":{"line":178,"column":4},"end":{"line":178,"column":64}},"58":{"start":{"line":181,"column":21},"end":{"line":181,"column":43}},"59":{"start":{"line":182,"column":2},"end":{"line":184,"column":3}},"60":{"start":{"line":183,"column":4},"end":{"line":183,"column":78}},"61":{"start":{"line":186,"column":19},"end":{"line":186,"column":28}},"62":{"start":{"line":189,"column":2},"end":{"line":198,"column":3}},"63":{"start":{"line":190,"column":4},"end":{"line":190,"column":33}},"64":{"start":{"line":191,"column":4},"end":{"line":193,"column":5}},"65":{"start":{"line":192,"column":6},"end":{"line":192,"column":92}},"66":{"start":{"line":196,"column":18},"end":{"line":196,"column":63}},"67":{"start":{"line":196,"column":57},"end":{"line":196,"column":62}},"68":{"start":{"line":197,"column":4},"end":{"line":197,"column":37}},"69":{"start":{"line":200,"column":2},"end":{"line":200,"column":22}},"70":{"start":{"line":231,"column":0},"end":{"line":251,"column":3}},"71":{"start":{"line":232,"column":15},"end":{"line":232,"column":44}},"72":{"start":{"line":233,"column":18},"end":{"line":233,"column":43}},"73":{"start":{"line":234,"column":2},"end":{"line":236,"column":3}},"74":{"start":{"line":235,"column":4},"end":{"line":235,"column":64}},"75":{"start":{"line":238,"column":21},"end":{"line":238,"column":43}},"76":{"start":{"line":239,"column":2},"end":{"line":241,"column":3}},"77":{"start":{"line":240,"column":4},"end":{"line":240,"column":78}},"78":{"start":{"line":243,"column":35},"end":{"line":243,"column":44}},"79":{"start":{"line":246,"column":13},"end":{"line":246,"column":38}},"80":{"start":{"line":247,"column":2},"end":{"line":247,"column":55}},"81":{"start":{"line":248,"column":2},"end":{"line":248,"column":39}},"82":{"start":{"line":248,"column":22},"end":{"line":248,"column":37}},"83":{"start":{"line":250,"column":2},"end":{"line":250,"column":17}},"84":{"start":{"line":271,"column":0},"end":{"line":286,"column":3}},"85":{"start":{"line":272,"column":15},"end":{"line":272,"column":44}},"86":{"start":{"line":273,"column":18},"end":{"line":273,"column":43}},"87":{"start":{"line":274,"column":2},"end":{"line":276,"column":3}},"88":{"start":{"line":275,"column":4},"end":{"line":275,"column":64}},"89":{"start":{"line":278,"column":18},"end":{"line":278,"column":34}},"90":{"start":{"line":279,"column":2},"end":{"line":281,"column":3}},"91":{"start":{"line":280,"column":4},"end":{"line":280,"column":65}},"92":{"start":{"line":284,"column":20},"end":{"line":284,"column":47}},"93":{"start":{"line":285,"column":2},"end":{"line":285,"column":22}},"94":{"start":{"line":316,"column":0},"end":{"line":331,"column":3}},"95":{"start":{"line":317,"column":15},"end":{"line":317,"column":44}},"96":{"start":{"line":318,"column":18},"end":{"line":318,"column":43}},"97":{"start":{"line":319,"column":2},"end":{"line":321,"column":3}},"98":{"start":{"line":320,"column":4},"end":{"line":320,"column":64}},"99":{"start":{"line":323,"column":18},"end":{"line":323,"column":34}},"100":{"start":{"line":324,"column":2},"end":{"line":326,"column":3}},"101":{"start":{"line":325,"column":4},"end":{"line":325,"column":68}},"102":{"start":{"line":328,"column":35},"end":{"line":328,"column":44}},"103":{"start":{"line":329,"column":26},"end":{"line":329,"column":74}},"104":{"start":{"line":330,"column":2},"end":{"line":330,"column":28}},"105":{"start":{"line":351,"column":0},"end":{"line":366,"column":3}},"106":{"start":{"line":352,"column":15},"end":{"line":352,"column":44}},"107":{"start":{"line":353,"column":18},"end":{"line":353,"column":43}},"108":{"start":{"line":354,"column":2},"end":{"line":356,"column":3}},"109":{"start":{"line":355,"column":4},"end":{"line":355,"column":64}},"110":{"start":{"line":358,"column":18},"end":{"line":358,"column":37}},"111":{"start":{"line":359,"column":2},"end":{"line":361,"column":3}},"112":{"start":{"line":360,"column":4},"end":{"line":360,"column":68}},"113":{"start":{"line":364,"column":23},"end":{"line":364,"column":50}},"114":{"start":{"line":365,"column":2},"end":{"line":365,"column":25}},"115":{"start":{"line":396,"column":0},"end":{"line":411,"column":3}},"116":{"start":{"line":397,"column":15},"end":{"line":397,"column":44}},"117":{"start":{"line":398,"column":18},"end":{"line":398,"column":43}},"118":{"start":{"line":399,"column":2},"end":{"line":401,"column":3}},"119":{"start":{"line":400,"column":4},"end":{"line":400,"column":64}},"120":{"start":{"line":403,"column":18},"end":{"line":403,"column":37}},"121":{"start":{"line":404,"column":2},"end":{"line":406,"column":3}},"122":{"start":{"line":405,"column":4},"end":{"line":405,"column":71}},"123":{"start":{"line":408,"column":35},"end":{"line":408,"column":44}},"124":{"start":{"line":409,"column":26},"end":{"line":409,"column":74}},"125":{"start":{"line":410,"column":2},"end":{"line":410,"column":28}},"126":{"start":{"line":431,"column":0},"end":{"line":446,"column":3}},"127":{"start":{"line":432,"column":15},"end":{"line":432,"column":44}},"128":{"start":{"line":433,"column":18},"end":{"line":433,"column":43}},"129":{"start":{"line":434,"column":2},"end":{"line":436,"column":3}},"130":{"start":{"line":435,"column":4},"end":{"line":435,"column":64}},"131":{"start":{"line":438,"column":18},"end":{"line":438,"column":40}},"132":{"start":{"line":439,"column":2},"end":{"line":441,"column":3}},"133":{"start":{"line":440,"column":4},"end":{"line":440,"column":71}},"134":{"start":{"line":444,"column":26},"end":{"line":444,"column":53}},"135":{"start":{"line":445,"column":2},"end":{"line":445,"column":28}},"136":{"start":{"line":476,"column":0},"end":{"line":491,"column":3}},"137":{"start":{"line":477,"column":15},"end":{"line":477,"column":44}},"138":{"start":{"line":478,"column":18},"end":{"line":478,"column":43}},"139":{"start":{"line":479,"column":2},"end":{"line":481,"column":3}},"140":{"start":{"line":480,"column":4},"end":{"line":480,"column":64}},"141":{"start":{"line":483,"column":18},"end":{"line":483,"column":40}},"142":{"start":{"line":484,"column":2},"end":{"line":486,"column":3}},"143":{"start":{"line":485,"column":4},"end":{"line":485,"column":74}},"144":{"start":{"line":488,"column":35},"end":{"line":488,"column":44}},"145":{"start":{"line":489,"column":26},"end":{"line":489,"column":74}},"146":{"start":{"line":490,"column":2},"end":{"line":490,"column":28}},"147":{"start":{"line":511,"column":0},"end":{"line":523,"column":3}},"148":{"start":{"line":512,"column":15},"end":{"line":512,"column":44}},"149":{"start":{"line":513,"column":18},"end":{"line":513,"column":43}},"150":{"start":{"line":514,"column":2},"end":{"line":516,"column":3}},"151":{"start":{"line":515,"column":4},"end":{"line":515,"column":64}},"152":{"start":{"line":518,"column":26},"end":{"line":520,"column":3}},"153":{"start":{"line":519,"column":4},"end":{"line":519,"column":36}},"154":{"start":{"line":522,"column":2},"end":{"line":522,"column":28}},"155":{"start":{"line":543,"column":0},"end":{"line":558,"column":3}},"156":{"start":{"line":544,"column":15},"end":{"line":544,"column":44}},"157":{"start":{"line":545,"column":18},"end":{"line":545,"column":43}},"158":{"start":{"line":546,"column":2},"end":{"line":548,"column":3}},"159":{"start":{"line":547,"column":4},"end":{"line":547,"column":64}},"160":{"start":{"line":550,"column":31},"end":{"line":550,"column":33}},"161":{"start":{"line":551,"column":2},"end":{"line":555,"column":5}},"162":{"start":{"line":552,"column":4},"end":{"line":554,"column":5}},"163":{"start":{"line":553,"column":6},"end":{"line":553,"column":97}},"164":{"start":{"line":557,"column":2},"end":{"line":557,"column":33}},"165":{"start":{"line":590,"column":0},"end":{"line":612,"column":3}},"166":{"start":{"line":591,"column":15},"end":{"line":591,"column":44}},"167":{"start":{"line":592,"column":18},"end":{"line":592,"column":43}},"168":{"start":{"line":593,"column":2},"end":{"line":595,"column":3}},"169":{"start":{"line":594,"column":4},"end":{"line":594,"column":64}},"170":{"start":{"line":597,"column":14},"end":{"line":597,"column":41}},"171":{"start":{"line":599,"column":31},"end":{"line":599,"column":40}},"172":{"start":{"line":602,"column":2},"end":{"line":604,"column":3}},"173":{"start":{"line":603,"column":4},"end":{"line":603,"column":65}},"174":{"start":{"line":603,"column":37},"end":{"line":603,"column":63}},"175":{"start":{"line":607,"column":2},"end":{"line":609,"column":3}},"176":{"start":{"line":608,"column":4},"end":{"line":608,"column":69}},"177":{"start":{"line":608,"column":37},"end":{"line":608,"column":67}},"178":{"start":{"line":611,"column":2},"end":{"line":611,"column":18}},"179":{"start":{"line":648,"column":0},"end":{"line":677,"column":3}},"180":{"start":{"line":649,"column":15},"end":{"line":649,"column":44}},"181":{"start":{"line":650,"column":18},"end":{"line":650,"column":43}},"182":{"start":{"line":651,"column":2},"end":{"line":653,"column":3}},"183":{"start":{"line":652,"column":4},"end":{"line":652,"column":64}},"184":{"start":{"line":655,"column":18},"end":{"line":655,"column":49}},"185":{"start":{"line":657,"column":53},"end":{"line":657,"column":62}},"186":{"start":{"line":660,"column":2},"end":{"line":662,"column":3}},"187":{"start":{"line":661,"column":4},"end":{"line":661,"column":73}},"188":{"start":{"line":661,"column":45},"end":{"line":661,"column":71}},"189":{"start":{"line":665,"column":2},"end":{"line":667,"column":3}},"190":{"start":{"line":666,"column":4},"end":{"line":666,"column":88}},"191":{"start":{"line":666,"column":45},"end":{"line":666,"column":86}},"192":{"start":{"line":670,"column":2},"end":{"line":674,"column":3}},"193":{"start":{"line":671,"column":4},"end":{"line":673,"column":6}},"194":{"start":{"line":672,"column":6},"end":{"line":672,"column":90}},"195":{"start":{"line":676,"column":2},"end":{"line":676,"column":22}},"196":{"start":{"line":679,"column":0},"end":{"line":679,"column":24}}},"fnMap":{"0":{"name":"validateCountryCode","decl":{"start":{"line":14,"column":9},"end":{"line":14,"column":28}},"loc":{"start":{"line":14,"column":35},"end":{"line":16,"column":1}},"line":14},"1":{"name":"(anonymous_1)","decl":{"start":{"line":15,"column":24},"end":{"line":15,"column":25}},"loc":{"start":{"line":15,"column":29},"end":{"line":15,"column":58}},"line":15},"2":{"name":"filterByYearRange","decl":{"start":{"line":19,"column":9},"end":{"line":19,"column":26}},"loc":{"start":{"line":19,"column":53},"end":{"line":27,"column":1}},"line":19},"3":{"name":"(anonymous_3)","decl":{"start":{"line":21,"column":21},"end":{"line":21,"column":22}},"loc":{"start":{"line":21,"column":29},"end":{"line":26,"column":3}},"line":21},"4":{"name":"(anonymous_4)","decl":{"start":{"line":38,"column":16},"end":{"line":38,"column":17}},"loc":{"start":{"line":38,"column":30},"end":{"line":41,"column":1}},"line":38},"5":{"name":"(anonymous_5)","decl":{"start":{"line":39,"column":32},"end":{"line":39,"column":33}},"loc":{"start":{"line":39,"column":38},"end":{"line":39,"column":68}},"line":39},"6":{"name":"(anonymous_6)","decl":{"start":{"line":61,"column":21},"end":{"line":61,"column":22}},"loc":{"start":{"line":61,"column":35},"end":{"line":68,"column":1}},"line":61},"7":{"name":"(anonymous_7)","decl":{"start":{"line":88,"column":28},"end":{"line":88,"column":29}},"loc":{"start":{"line":88,"column":42},"end":{"line":104,"column":1}},"line":88},"8":{"name":"(anonymous_8)","decl":{"start":{"line":134,"column":36},"end":{"line":134,"column":37}},"loc":{"start":{"line":134,"column":50},"end":{"line":149,"column":1}},"line":134},"9":{"name":"(anonymous_9)","decl":{"start":{"line":174,"column":38},"end":{"line":174,"column":39}},"loc":{"start":{"line":174,"column":52},"end":{"line":201,"column":1}},"line":174},"10":{"name":"(anonymous_10)","decl":{"start":{"line":196,"column":47},"end":{"line":196,"column":48}},"loc":{"start":{"line":196,"column":57},"end":{"line":196,"column":62}},"line":196},"11":{"name":"(anonymous_11)","decl":{"start":{"line":231,"column":46},"end":{"line":231,"column":47}},"loc":{"start":{"line":231,"column":60},"end":{"line":251,"column":1}},"line":231},"12":{"name":"(anonymous_12)","decl":{"start":{"line":248,"column":12},"end":{"line":248,"column":13}},"loc":{"start":{"line":248,"column":22},"end":{"line":248,"column":37}},"line":248},"13":{"name":"(anonymous_13)","decl":{"start":{"line":271,"column":25},"end":{"line":271,"column":26}},"loc":{"start":{"line":271,"column":39},"end":{"line":286,"column":1}},"line":271},"14":{"name":"(anonymous_14)","decl":{"start":{"line":316,"column":33},"end":{"line":316,"column":34}},"loc":{"start":{"line":316,"column":47},"end":{"line":331,"column":1}},"line":316},"15":{"name":"(anonymous_15)","decl":{"start":{"line":351,"column":28},"end":{"line":351,"column":29}},"loc":{"start":{"line":351,"column":42},"end":{"line":366,"column":1}},"line":351},"16":{"name":"(anonymous_16)","decl":{"start":{"line":396,"column":36},"end":{"line":396,"column":37}},"loc":{"start":{"line":396,"column":50},"end":{"line":411,"column":1}},"line":396},"17":{"name":"(anonymous_17)","decl":{"start":{"line":431,"column":31},"end":{"line":431,"column":32}},"loc":{"start":{"line":431,"column":45},"end":{"line":446,"column":1}},"line":431},"18":{"name":"(anonymous_18)","decl":{"start":{"line":476,"column":39},"end":{"line":476,"column":40}},"loc":{"start":{"line":476,"column":53},"end":{"line":491,"column":1}},"line":476},"19":{"name":"(anonymous_19)","decl":{"start":{"line":511,"column":30},"end":{"line":511,"column":31}},"loc":{"start":{"line":511,"column":44},"end":{"line":523,"column":1}},"line":511},"20":{"name":"(anonymous_20)","decl":{"start":{"line":518,"column":62},"end":{"line":518,"column":63}},"loc":{"start":{"line":519,"column":4},"end":{"line":519,"column":36}},"line":519},"21":{"name":"(anonymous_21)","decl":{"start":{"line":543,"column":35},"end":{"line":543,"column":36}},"loc":{"start":{"line":543,"column":49},"end":{"line":558,"column":1}},"line":543},"22":{"name":"(anonymous_22)","decl":{"start":{"line":551,"column":57},"end":{"line":551,"column":58}},"loc":{"start":{"line":551,"column":76},"end":{"line":555,"column":3}},"line":551},"23":{"name":"(anonymous_23)","decl":{"start":{"line":590,"column":32},"end":{"line":590,"column":33}},"loc":{"start":{"line":590,"column":46},"end":{"line":612,"column":1}},"line":590},"24":{"name":"(anonymous_24)","decl":{"start":{"line":603,"column":25},"end":{"line":603,"column":26}},"loc":{"start":{"line":603,"column":37},"end":{"line":603,"column":63}},"line":603},"25":{"name":"(anonymous_25)","decl":{"start":{"line":608,"column":25},"end":{"line":608,"column":26}},"loc":{"start":{"line":608,"column":37},"end":{"line":608,"column":67}},"line":608},"26":{"name":"(anonymous_26)","decl":{"start":{"line":648,"column":31},"end":{"line":648,"column":32}},"loc":{"start":{"line":648,"column":45},"end":{"line":677,"column":1}},"line":648},"27":{"name":"(anonymous_27)","decl":{"start":{"line":661,"column":33},"end":{"line":661,"column":34}},"loc":{"start":{"line":661,"column":45},"end":{"line":661,"column":71}},"line":661},"28":{"name":"(anonymous_28)","decl":{"start":{"line":666,"column":33},"end":{"line":666,"column":34}},"loc":{"start":{"line":666,"column":45},"end":{"line":666,"column":86}},"line":666},"29":{"name":"(anonymous_29)","decl":{"start":{"line":671,"column":33},"end":{"line":671,"column":34}},"loc":{"start":{"line":672,"column":6},"end":{"line":672,"column":90}},"line":672}},"branchMap":{"0":{"loc":{"start":{"line":20,"column":2},"end":{"line":20,"column":42}},"type":"if","locations":[{"start":{"line":20,"column":2},"end":{"line":20,"column":42}},{"start":{},"end":{}}],"line":20},"1":{"loc":{"start":{"line":20,"column":6},"end":{"line":20,"column":28}},"type":"binary-expr","locations":[{"start":{"line":20,"column":6},"end":{"line":20,"column":16}},{"start":{"line":20,"column":20},"end":{"line":20,"column":28}}],"line":20},"2":{"loc":{"start":{"line":23,"column":4},"end":{"line":23,"column":62}},"type":"if","locations":[{"start":{"line":23,"column":4},"end":{"line":23,"column":62}},{"start":{},"end":{}}],"line":23},"3":{"loc":{"start":{"line":23,"column":8},"end":{"line":23,"column":47}},"type":"binary-expr","locations":[{"start":{"line":23,"column":8},"end":{"line":23,"column":17}},{"start":{"line":23,"column":21},"end":{"line":23,"column":47}}],"line":23},"4":{"loc":{"start":{"line":24,"column":4},"end":{"line":24,"column":58}},"type":"if","locations":[{"start":{"line":24,"column":4},"end":{"line":24,"column":58}},{"start":{},"end":{}}],"line":24},"5":{"loc":{"start":{"line":24,"column":8},"end":{"line":24,"column":43}},"type":"binary-expr","locations":[{"start":{"line":24,"column":8},"end":{"line":24,"column":15}},{"start":{"line":24,"column":19},"end":{"line":24,"column":43}}],"line":24},"6":{"loc":{"start":{"line":64,"column":2},"end":{"line":66,"column":3}},"type":"if","locations":[{"start":{"line":64,"column":2},"end":{"line":66,"column":3}},{"start":{},"end":{}}],"line":64},"7":{"loc":{"start":{"line":91,"column":2},"end":{"line":93,"column":3}},"type":"if","locations":[{"start":{"line":91,"column":2},"end":{"line":93,"column":3}},{"start":{},"end":{}}],"line":91},"8":{"loc":{"start":{"line":97,"column":2},"end":{"line":99,"column":3}},"type":"if","locations":[{"start":{"line":97,"column":2},"end":{"line":99,"column":3}},{"start":{},"end":{}}],"line":97},"9":{"loc":{"start":{"line":97,"column":6},"end":{"line":97,"column":38}},"type":"binary-expr","locations":[{"start":{"line":97,"column":6},"end":{"line":97,"column":14}},{"start":{"line":97,"column":18},"end":{"line":97,"column":38}}],"line":97},"10":{"loc":{"start":{"line":137,"column":2},"end":{"line":139,"column":3}},"type":"if","locations":[{"start":{"line":137,"column":2},"end":{"line":139,"column":3}},{"start":{},"end":{}}],"line":137},"11":{"loc":{"start":{"line":142,"column":2},"end":{"line":144,"column":3}},"type":"if","locations":[{"start":{"line":142,"column":2},"end":{"line":144,"column":3}},{"start":{},"end":{}}],"line":142},"12":{"loc":{"start":{"line":177,"column":2},"end":{"line":179,"column":3}},"type":"if","locations":[{"start":{"line":177,"column":2},"end":{"line":179,"column":3}},{"start":{},"end":{}}],"line":177},"13":{"loc":{"start":{"line":182,"column":2},"end":{"line":184,"column":3}},"type":"if","locations":[{"start":{"line":182,"column":2},"end":{"line":184,"column":3}},{"start":{},"end":{}}],"line":182},"14":{"loc":{"start":{"line":189,"column":2},"end":{"line":198,"column":3}},"type":"if","locations":[{"start":{"line":189,"column":2},"end":{"line":198,"column":3}},{"start":{"line":194,"column":9},"end":{"line":198,"column":3}}],"line":189},"15":{"loc":{"start":{"line":191,"column":4},"end":{"line":193,"column":5}},"type":"if","locations":[{"start":{"line":191,"column":4},"end":{"line":193,"column":5}},{"start":{},"end":{}}],"line":191},"16":{"loc":{"start":{"line":234,"column":2},"end":{"line":236,"column":3}},"type":"if","locations":[{"start":{"line":234,"column":2},"end":{"line":236,"column":3}},{"start":{},"end":{}}],"line":234},"17":{"loc":{"start":{"line":239,"column":2},"end":{"line":241,"column":3}},"type":"if","locations":[{"start":{"line":239,"column":2},"end":{"line":241,"column":3}},{"start":{},"end":{}}],"line":239},"18":{"loc":{"start":{"line":274,"column":2},"end":{"line":276,"column":3}},"type":"if","locations":[{"start":{"line":274,"column":2},"end":{"line":276,"column":3}},{"start":{},"end":{}}],"line":274},"19":{"loc":{"start":{"line":279,"column":2},"end":{"line":281,"column":3}},"type":"if","locations":[{"start":{"line":279,"column":2},"end":{"line":281,"column":3}},{"start":{},"end":{}}],"line":279},"20":{"loc":{"start":{"line":279,"column":6},"end":{"line":279,"column":38}},"type":"binary-expr","locations":[{"start":{"line":279,"column":6},"end":{"line":279,"column":14}},{"start":{"line":279,"column":18},"end":{"line":279,"column":38}}],"line":279},"21":{"loc":{"start":{"line":319,"column":2},"end":{"line":321,"column":3}},"type":"if","locations":[{"start":{"line":319,"column":2},"end":{"line":321,"column":3}},{"start":{},"end":{}}],"line":319},"22":{"loc":{"start":{"line":324,"column":2},"end":{"line":326,"column":3}},"type":"if","locations":[{"start":{"line":324,"column":2},"end":{"line":326,"column":3}},{"start":{},"end":{}}],"line":324},"23":{"loc":{"start":{"line":354,"column":2},"end":{"line":356,"column":3}},"type":"if","locations":[{"start":{"line":354,"column":2},"end":{"line":356,"column":3}},{"start":{},"end":{}}],"line":354},"24":{"loc":{"start":{"line":359,"column":2},"end":{"line":361,"column":3}},"type":"if","locations":[{"start":{"line":359,"column":2},"end":{"line":361,"column":3}},{"start":{},"end":{}}],"line":359},"25":{"loc":{"start":{"line":359,"column":6},"end":{"line":359,"column":38}},"type":"binary-expr","locations":[{"start":{"line":359,"column":6},"end":{"line":359,"column":14}},{"start":{"line":359,"column":18},"end":{"line":359,"column":38}}],"line":359},"26":{"loc":{"start":{"line":399,"column":2},"end":{"line":401,"column":3}},"type":"if","locations":[{"start":{"line":399,"column":2},"end":{"line":401,"column":3}},{"start":{},"end":{}}],"line":399},"27":{"loc":{"start":{"line":404,"column":2},"end":{"line":406,"column":3}},"type":"if","locations":[{"start":{"line":404,"column":2},"end":{"line":406,"column":3}},{"start":{},"end":{}}],"line":404},"28":{"loc":{"start":{"line":434,"column":2},"end":{"line":436,"column":3}},"type":"if","locations":[{"start":{"line":434,"column":2},"end":{"line":436,"column":3}},{"start":{},"end":{}}],"line":434},"29":{"loc":{"start":{"line":439,"column":2},"end":{"line":441,"column":3}},"type":"if","locations":[{"start":{"line":439,"column":2},"end":{"line":441,"column":3}},{"start":{},"end":{}}],"line":439},"30":{"loc":{"start":{"line":439,"column":6},"end":{"line":439,"column":38}},"type":"binary-expr","locations":[{"start":{"line":439,"column":6},"end":{"line":439,"column":14}},{"start":{"line":439,"column":18},"end":{"line":439,"column":38}}],"line":439},"31":{"loc":{"start":{"line":479,"column":2},"end":{"line":481,"column":3}},"type":"if","locations":[{"start":{"line":479,"column":2},"end":{"line":481,"column":3}},{"start":{},"end":{}}],"line":479},"32":{"loc":{"start":{"line":484,"column":2},"end":{"line":486,"column":3}},"type":"if","locations":[{"start":{"line":484,"column":2},"end":{"line":486,"column":3}},{"start":{},"end":{}}],"line":484},"33":{"loc":{"start":{"line":514,"column":2},"end":{"line":516,"column":3}},"type":"if","locations":[{"start":{"line":514,"column":2},"end":{"line":516,"column":3}},{"start":{},"end":{}}],"line":514},"34":{"loc":{"start":{"line":546,"column":2},"end":{"line":548,"column":3}},"type":"if","locations":[{"start":{"line":546,"column":2},"end":{"line":548,"column":3}},{"start":{},"end":{}}],"line":546},"35":{"loc":{"start":{"line":552,"column":4},"end":{"line":554,"column":5}},"type":"if","locations":[{"start":{"line":552,"column":4},"end":{"line":554,"column":5}},{"start":{},"end":{}}],"line":552},"36":{"loc":{"start":{"line":593,"column":2},"end":{"line":595,"column":3}},"type":"if","locations":[{"start":{"line":593,"column":2},"end":{"line":595,"column":3}},{"start":{},"end":{}}],"line":593},"37":{"loc":{"start":{"line":597,"column":14},"end":{"line":597,"column":41}},"type":"binary-expr","locations":[{"start":{"line":597,"column":14},"end":{"line":597,"column":35}},{"start":{"line":597,"column":39},"end":{"line":597,"column":41}}],"line":597},"38":{"loc":{"start":{"line":602,"column":2},"end":{"line":604,"column":3}},"type":"if","locations":[{"start":{"line":602,"column":2},"end":{"line":604,"column":3}},{"start":{},"end":{}}],"line":602},"39":{"loc":{"start":{"line":607,"column":2},"end":{"line":609,"column":3}},"type":"if","locations":[{"start":{"line":607,"column":2},"end":{"line":609,"column":3}},{"start":{},"end":{}}],"line":607},"40":{"loc":{"start":{"line":651,"column":2},"end":{"line":653,"column":3}},"type":"if","locations":[{"start":{"line":651,"column":2},"end":{"line":653,"column":3}},{"start":{},"end":{}}],"line":651},"41":{"loc":{"start":{"line":655,"column":18},"end":{"line":655,"column":49}},"type":"binary-expr","locations":[{"start":{"line":655,"column":18},"end":{"line":655,"column":43}},{"start":{"line":655,"column":47},"end":{"line":655,"column":49}}],"line":655},"42":{"loc":{"start":{"line":660,"column":2},"end":{"line":662,"column":3}},"type":"if","locations":[{"start":{"line":660,"column":2},"end":{"line":662,"column":3}},{"start":{},"end":{}}],"line":660},"43":{"loc":{"start":{"line":665,"column":2},"end":{"line":667,"column":3}},"type":"if","locations":[{"start":{"line":665,"column":2},"end":{"line":667,"column":3}},{"start":{},"end":{}}],"line":665},"44":{"loc":{"start":{"line":670,"column":2},"end":{"line":674,"column":3}},"type":"if","locations":[{"start":{"line":670,"column":2},"end":{"line":674,"column":3}},{"start":{},"end":{}}],"line":670}},"s":{"0":8,"1":8,"2":8,"3":8,"4":8,"5":8,"6":8,"7":8,"8":8,"9":8,"10":8,"11":34,"12":74,"13":10,"14":5,"15":5,"16":25,"17":25,"18":14,"19":11,"20":2,"21":9,"22":8,"23":1,"24":9,"25":1,"26":8,"27":3,"28":3,"29":3,"30":1,"31":2,"32":8,"33":2,"34":2,"35":2,"36":1,"37":1,"38":1,"39":0,"40":1,"41":1,"42":8,"43":5,"44":5,"45":5,"46":0,"47":5,"48":5,"49":0,"50":5,"51":5,"52":5,"53":8,"54":2,"55":2,"56":2,"57":0,"58":2,"59":2,"60":0,"61":2,"62":2,"63":1,"64":1,"65":0,"66":1,"67":1,"68":1,"69":2,"70":8,"71":1,"72":1,"73":1,"74":0,"75":1,"76":1,"77":0,"78":1,"79":1,"80":1,"81":1,"82":1,"83":1,"84":8,"85":1,"86":1,"87":1,"88":0,"89":1,"90":1,"91":0,"92":1,"93":1,"94":8,"95":2,"96":2,"97":2,"98":0,"99":2,"100":2,"101":0,"102":2,"103":2,"104":2,"105":8,"106":1,"107":1,"108":1,"109":0,"110":1,"111":1,"112":0,"113":1,"114":1,"115":8,"116":1,"117":1,"118":1,"119":0,"120":1,"121":1,"122":0,"123":1,"124":1,"125":1,"126":8,"127":1,"128":1,"129":1,"130":0,"131":1,"132":1,"133":0,"134":1,"135":1,"136":8,"137":1,"138":1,"139":1,"140":0,"141":1,"142":1,"143":0,"144":1,"145":1,"146":1,"147":8,"148":2,"149":2,"150":2,"151":1,"152":1,"153":10,"154":1,"155":8,"156":1,"157":1,"158":1,"159":0,"160":1,"161":1,"162":10,"163":4,"164":1,"165":8,"166":5,"167":5,"168":5,"169":1,"170":4,"171":4,"172":4,"173":2,"174":6,"175":4,"176":1,"177":3,"178":4,"179":8,"180":6,"181":6,"182":6,"183":1,"184":5,"185":5,"186":5,"187":2,"188":8,"189":5,"190":1,"191":4,"192":5,"193":1,"194":4,"195":5,"196":8},"f":{"0":34,"1":74,"2":10,"3":25,"4":1,"5":9,"6":3,"7":2,"8":5,"9":2,"10":1,"11":1,"12":1,"13":1,"14":2,"15":1,"16":1,"17":1,"18":1,"19":2,"20":10,"21":1,"22":10,"23":5,"24":6,"25":3,"26":6,"27":8,"28":4,"29":4},"b":{"0":[5,5],"1":[10,5],"2":[14,11],"3":[25,25],"4":[2,9],"5":[11,11],"6":[1,2],"7":[1,1],"8":[0,1],"9":[1,1],"10":[0,5],"11":[0,5],"12":[0,2],"13":[0,2],"14":[1,1],"15":[0,1],"16":[0,1],"17":[0,1],"18":[0,1],"19":[0,1],"20":[1,1],"21":[0,2],"22":[0,2],"23":[0,1],"24":[0,1],"25":[1,1],"26":[0,1],"27":[0,1],"28":[0,1],"29":[0,1],"30":[1,1],"31":[0,1],"32":[0,1],"33":[1,1],"34":[0,1],"35":[4,6],"36":[1,4],"37":[4,0],"38":[2,2],"39":[1,3],"40":[1,5],"41":[5,0],"42":[2,3],"43":[1,4],"44":[1,4]},"_coverageSchema":"1a1c01bbd47fc00a2c39e90264f33305004495a9","hash":"ac1dc34b5dc8af6f50037e51d2069ebaff33637c"}
}
