TN:
SF:index.js
FN:23,(anonymous_0)
FN:60,(anonymous_1)
FN:67,(anonymous_2)
FN:71,(anonymous_3)
FN:75,(anonymous_4)
FN:79,(anonymous_5)
FN:104,(anonymous_6)
FN:107,(anonymous_7)
FN:133,(anonymous_8)
FN:140,(anonymous_9)
FN:165,(anonymous_10)
FN:168,(anonymous_11)
FN:187,(anonymous_12)
FN:195,(anonymous_13)
FN:196,(anonymous_14)
FN:197,(anonymous_15)
FN:198,(anonymous_16)
FN:199,(anonymous_17)
FN:200,(anonymous_18)
FN:202,(anonymous_19)
FN:204,(anonymous_20)
FN:205,(anonymous_21)
FN:206,(anonymous_22)
FN:207,(anonymous_23)
FN:249,(anonymous_24)
FN:257,(anonymous_25)
FN:267,(anonymous_26)
FN:274,(anonymous_27)
FN:289,(anonymous_28)
FN:321,(anonymous_29)
FN:326,(anonymous_30)
FN:327,(anonymous_31)
FN:338,(anonymous_32)
FN:342,(anonymous_33)
FN:346,(anonymous_34)
FN:350,(anonymous_35)
FN:381,(anonymous_36)
FN:386,(anonymous_37)
FN:387,(anonymous_38)
FN:398,(anonymous_39)
FN:402,(anonymous_40)
FN:406,(anonymous_41)
FN:410,(anonymous_42)
FN:418,(anonymous_43)
FNF:44
FNH:43
FNDA:2,(anonymous_0)
FNDA:7,(anonymous_1)
FNDA:21,(anonymous_2)
FNDA:7,(anonymous_3)
FNDA:13,(anonymous_4)
FNDA:8,(anonymous_5)
FNDA:2,(anonymous_6)
FNDA:8,(anonymous_7)
FNDA:2,(anonymous_8)
FNDA:10,(anonymous_9)
FNDA:3,(anonymous_10)
FNDA:12,(anonymous_11)
FNDA:6,(anonymous_12)
FNDA:42,(anonymous_13)
FNDA:42,(anonymous_14)
FNDA:42,(anonymous_15)
FNDA:42,(anonymous_16)
FNDA:42,(anonymous_17)
FNDA:42,(anonymous_18)
FNDA:60,(anonymous_19)
FNDA:60,(anonymous_20)
FNDA:60,(anonymous_21)
FNDA:60,(anonymous_22)
FNDA:60,(anonymous_23)
FNDA:6,(anonymous_24)
FNDA:10,(anonymous_25)
FNDA:30,(anonymous_26)
FNDA:10,(anonymous_27)
FNDA:1,(anonymous_28)
FNDA:7,(anonymous_29)
FNDA:35,(anonymous_30)
FNDA:56,(anonymous_31)
FNDA:24,(anonymous_32)
FNDA:20,(anonymous_33)
FNDA:9,(anonymous_34)
FNDA:48,(anonymous_35)
FNDA:9,(anonymous_36)
FNDA:27,(anonymous_37)
FNDA:63,(anonymous_38)
FNDA:21,(anonymous_39)
FNDA:31,(anonymous_40)
FNDA:12,(anonymous_41)
FNDA:81,(anonymous_42)
FNDA:0,(anonymous_43)
DA:1,8
DA:2,8
DA:3,8
DA:4,8
DA:6,8
DA:7,8
DA:8,8
DA:11,8
DA:12,8
DA:23,8
DA:24,2
DA:60,8
DA:61,7
DA:62,7
DA:64,7
DA:66,7
DA:67,21
DA:70,7
DA:71,7
DA:74,7
DA:75,13
DA:78,7
DA:79,8
DA:82,7
DA:104,8
DA:105,2
DA:106,2
DA:107,8
DA:109,2
DA:110,1
DA:113,1
DA:133,8
DA:134,2
DA:135,2
DA:137,2
DA:139,2
DA:140,10
DA:143,2
DA:165,8
DA:166,3
DA:167,3
DA:168,12
DA:170,3
DA:171,1
DA:174,2
DA:187,8
DA:188,6
DA:189,6
DA:190,6
DA:191,6
DA:193,6
DA:195,42
DA:196,42
DA:197,42
DA:198,42
DA:199,42
DA:200,42
DA:202,60
DA:204,60
DA:205,60
DA:206,60
DA:207,60
DA:211,6
DA:214,8
DA:249,8
DA:250,6
DA:251,6
DA:253,6
DA:256,6
DA:257,1
DA:258,10
DA:259,10
DA:260,10
DA:261,10
DA:266,6
DA:267,3
DA:268,30
DA:273,6
DA:274,10
DA:277,6
DA:289,8
DA:290,1
DA:291,1
DA:321,8
DA:322,7
DA:323,7
DA:326,7
DA:327,56
DA:331,35
DA:334,7
DA:337,7
DA:338,24
DA:341,7
DA:342,20
DA:345,7
DA:346,9
DA:350,48
DA:352,7
DA:381,8
DA:382,9
DA:383,9
DA:386,9
DA:387,63
DA:391,27
DA:394,9
DA:397,9
DA:398,21
DA:401,9
DA:402,31
DA:405,9
DA:406,12
DA:410,81
DA:412,9
DA:415,8
DA:417,8
DA:418,0
DA:419,0
DA:423,8
LF:118
LH:116
BRDA:4,0,0,8
BRDA:4,0,1,8
BRDA:62,1,0,7
BRDA:62,1,1,0
BRDA:66,2,0,3
BRDA:66,2,1,4
BRDA:70,3,0,1
BRDA:70,3,1,6
BRDA:74,4,0,2
BRDA:74,4,1,5
BRDA:78,5,0,2
BRDA:78,5,1,5
BRDA:106,6,0,2
BRDA:106,6,1,0
BRDA:109,7,0,1
BRDA:109,7,1,1
BRDA:135,8,0,2
BRDA:135,8,1,0
BRDA:139,9,0,1
BRDA:139,9,1,1
BRDA:167,10,0,3
BRDA:167,10,1,0
BRDA:170,11,0,1
BRDA:170,11,1,2
BRDA:190,12,0,6
BRDA:190,12,1,0
BRDA:191,13,0,6
BRDA:191,13,1,0
BRDA:256,14,0,1
BRDA:256,14,1,5
BRDA:256,15,0,6
BRDA:256,15,1,5
BRDA:259,16,0,0
BRDA:259,16,1,10
BRDA:259,17,0,10
BRDA:259,17,1,10
BRDA:260,18,0,0
BRDA:260,18,1,10
BRDA:260,19,0,10
BRDA:260,19,1,10
BRDA:266,20,0,3
BRDA:266,20,1,3
BRDA:273,21,0,1
BRDA:273,21,1,5
BRDA:337,22,0,3
BRDA:337,22,1,4
BRDA:341,23,0,3
BRDA:341,23,1,4
BRDA:345,24,0,2
BRDA:345,24,1,5
BRDA:397,25,0,3
BRDA:397,25,1,6
BRDA:401,26,0,5
BRDA:401,26,1,4
BRDA:405,27,0,2
BRDA:405,27,1,7
BRDA:417,28,0,0
BRDA:417,28,1,8
BRF:58
BRH:49
end_of_record
TN:
SF:swagger.js
FNF:0
FNH:0
DA:1,8
DA:3,8
DA:14,8
LF:3
LH:3
BRF:0
BRH:0
end_of_record
TN:
SF:routes/countries.js
FN:14,validateCountryCode
FN:15,(anonymous_1)
FN:19,filterByYearRange
FN:21,(anonymous_3)
FN:38,(anonymous_4)
FN:39,(anonymous_5)
FN:61,(anonymous_6)
FN:88,(anonymous_7)
FN:134,(anonymous_8)
FN:174,(anonymous_9)
FN:196,(anonymous_10)
FN:231,(anonymous_11)
FN:248,(anonymous_12)
FN:271,(anonymous_13)
FN:316,(anonymous_14)
FN:351,(anonymous_15)
FN:396,(anonymous_16)
FN:431,(anonymous_17)
FN:476,(anonymous_18)
FN:511,(anonymous_19)
FN:518,(anonymous_20)
FN:543,(anonymous_21)
FN:551,(anonymous_22)
FN:590,(anonymous_23)
FN:603,(anonymous_24)
FN:608,(anonymous_25)
FN:648,(anonymous_26)
FN:661,(anonymous_27)
FN:666,(anonymous_28)
FN:671,(anonymous_29)
FNF:30
FNH:30
FNDA:34,validateCountryCode
FNDA:74,(anonymous_1)
FNDA:10,filterByYearRange
FNDA:25,(anonymous_3)
FNDA:1,(anonymous_4)
FNDA:9,(anonymous_5)
FNDA:3,(anonymous_6)
FNDA:2,(anonymous_7)
FNDA:5,(anonymous_8)
FNDA:2,(anonymous_9)
FNDA:1,(anonymous_10)
FNDA:1,(anonymous_11)
FNDA:1,(anonymous_12)
FNDA:1,(anonymous_13)
FNDA:2,(anonymous_14)
FNDA:1,(anonymous_15)
FNDA:1,(anonymous_16)
FNDA:1,(anonymous_17)
FNDA:1,(anonymous_18)
FNDA:2,(anonymous_19)
FNDA:10,(anonymous_20)
FNDA:1,(anonymous_21)
FNDA:10,(anonymous_22)
FNDA:5,(anonymous_23)
FNDA:6,(anonymous_24)
FNDA:3,(anonymous_25)
FNDA:6,(anonymous_26)
FNDA:8,(anonymous_27)
FNDA:4,(anonymous_28)
FNDA:4,(anonymous_29)
DA:1,8
DA:2,8
DA:3,8
DA:4,8
DA:5,8
DA:6,8
DA:7,8
DA:8,8
DA:9,8
DA:10,8
DA:11,8
DA:15,74
DA:20,10
DA:21,5
DA:22,25
DA:23,25
DA:24,11
DA:25,9
DA:38,8
DA:39,9
DA:40,1
DA:61,8
DA:62,3
DA:63,3
DA:64,3
DA:65,1
DA:67,2
DA:88,8
DA:89,2
DA:90,2
DA:91,2
DA:92,1
DA:96,1
DA:97,1
DA:98,0
DA:102,1
DA:103,1
DA:134,8
DA:135,5
DA:136,5
DA:137,5
DA:138,0
DA:141,5
DA:142,5
DA:143,0
DA:146,5
DA:147,5
DA:148,5
DA:174,8
DA:175,2
DA:176,2
DA:177,2
DA:178,0
DA:181,2
DA:182,2
DA:183,0
DA:186,2
DA:189,2
DA:190,1
DA:191,1
DA:192,0
DA:196,1
DA:197,1
DA:200,2
DA:231,8
DA:232,1
DA:233,1
DA:234,1
DA:235,0
DA:238,1
DA:239,1
DA:240,0
DA:243,1
DA:246,1
DA:247,1
DA:248,1
DA:250,1
DA:271,8
DA:272,1
DA:273,1
DA:274,1
DA:275,0
DA:278,1
DA:279,1
DA:280,0
DA:284,1
DA:285,1
DA:316,8
DA:317,2
DA:318,2
DA:319,2
DA:320,0
DA:323,2
DA:324,2
DA:325,0
DA:328,2
DA:329,2
DA:330,2
DA:351,8
DA:352,1
DA:353,1
DA:354,1
DA:355,0
DA:358,1
DA:359,1
DA:360,0
DA:364,1
DA:365,1
DA:396,8
DA:397,1
DA:398,1
DA:399,1
DA:400,0
DA:403,1
DA:404,1
DA:405,0
DA:408,1
DA:409,1
DA:410,1
DA:431,8
DA:432,1
DA:433,1
DA:434,1
DA:435,0
DA:438,1
DA:439,1
DA:440,0
DA:444,1
DA:445,1
DA:476,8
DA:477,1
DA:478,1
DA:479,1
DA:480,0
DA:483,1
DA:484,1
DA:485,0
DA:488,1
DA:489,1
DA:490,1
DA:511,8
DA:512,2
DA:513,2
DA:514,2
DA:515,1
DA:518,1
DA:519,10
DA:522,1
DA:543,8
DA:544,1
DA:545,1
DA:546,1
DA:547,0
DA:550,1
DA:551,1
DA:552,10
DA:553,4
DA:557,1
DA:590,8
DA:591,5
DA:592,5
DA:593,5
DA:594,1
DA:597,4
DA:599,4
DA:602,4
DA:603,6
DA:607,4
DA:608,3
DA:611,4
DA:648,8
DA:649,6
DA:650,6
DA:651,6
DA:652,1
DA:655,5
DA:657,5
DA:660,5
DA:661,8
DA:665,5
DA:666,4
DA:670,5
DA:671,1
DA:672,4
DA:676,5
DA:679,8
LF:186
LH:165
BRDA:20,0,0,5
BRDA:20,0,1,5
BRDA:20,1,0,10
BRDA:20,1,1,5
BRDA:23,2,0,14
BRDA:23,2,1,11
BRDA:23,3,0,25
BRDA:23,3,1,25
BRDA:24,4,0,2
BRDA:24,4,1,9
BRDA:24,5,0,11
BRDA:24,5,1,11
BRDA:64,6,0,1
BRDA:64,6,1,2
BRDA:91,7,0,1
BRDA:91,7,1,1
BRDA:97,8,0,0
BRDA:97,8,1,1
BRDA:97,9,0,1
BRDA:97,9,1,1
BRDA:137,10,0,0
BRDA:137,10,1,5
BRDA:142,11,0,0
BRDA:142,11,1,5
BRDA:177,12,0,0
BRDA:177,12,1,2
BRDA:182,13,0,0
BRDA:182,13,1,2
BRDA:189,14,0,1
BRDA:189,14,1,1
BRDA:191,15,0,0
BRDA:191,15,1,1
BRDA:234,16,0,0
BRDA:234,16,1,1
BRDA:239,17,0,0
BRDA:239,17,1,1
BRDA:274,18,0,0
BRDA:274,18,1,1
BRDA:279,19,0,0
BRDA:279,19,1,1
BRDA:279,20,0,1
BRDA:279,20,1,1
BRDA:319,21,0,0
BRDA:319,21,1,2
BRDA:324,22,0,0
BRDA:324,22,1,2
BRDA:354,23,0,0
BRDA:354,23,1,1
BRDA:359,24,0,0
BRDA:359,24,1,1
BRDA:359,25,0,1
BRDA:359,25,1,1
BRDA:399,26,0,0
BRDA:399,26,1,1
BRDA:404,27,0,0
BRDA:404,27,1,1
BRDA:434,28,0,0
BRDA:434,28,1,1
BRDA:439,29,0,0
BRDA:439,29,1,1
BRDA:439,30,0,1
BRDA:439,30,1,1
BRDA:479,31,0,0
BRDA:479,31,1,1
BRDA:484,32,0,0
BRDA:484,32,1,1
BRDA:514,33,0,1
BRDA:514,33,1,1
BRDA:546,34,0,0
BRDA:546,34,1,1
BRDA:552,35,0,4
BRDA:552,35,1,6
BRDA:593,36,0,1
BRDA:593,36,1,4
BRDA:597,37,0,4
BRDA:597,37,1,0
BRDA:602,38,0,2
BRDA:602,38,1,2
BRDA:607,39,0,1
BRDA:607,39,1,3
BRDA:651,40,0,1
BRDA:651,40,1,5
BRDA:655,41,0,5
BRDA:655,41,1,0
BRDA:660,42,0,2
BRDA:660,42,1,3
BRDA:665,43,0,1
BRDA:665,43,1,4
BRDA:670,44,0,1
BRDA:670,44,1,4
BRF:90
BRH:67
end_of_record
